ARM GAS  /tmp/ccVTwzCb.s 			page 1


   1              		.cpu cortex-m0plus
   2              		.arch armv6s-m
   3              		.fpu softvfp
   4              		.eabi_attribute 20, 1
   5              		.eabi_attribute 21, 1
   6              		.eabi_attribute 23, 3
   7              		.eabi_attribute 24, 1
   8              		.eabi_attribute 25, 1
   9              		.eabi_attribute 26, 1
  10              		.eabi_attribute 30, 1
  11              		.eabi_attribute 34, 0
  12              		.eabi_attribute 18, 4
  13              		.file	"app.c"
  14              		.text
  15              	.Ltext0:
  16              		.cfi_sections	.debug_frame
  17              		.file 1 "src/app.c"
  18              		.section	.text.app_init,"ax",%progbits
  19              		.align	1
  20              		.global	app_init
  21              		.syntax unified
  22              		.code	16
  23              		.thumb_func
  25              	app_init:
  26              	.LFB78:
   1:src/app.c     **** #include "app.h"
   2:src/app.c     **** #include "stm32g0xx_ll_utils.h"
   3:src/app.c     **** #include "stm32g0xx_ll_cortex.h"
   4:src/app.c     **** 
   5:src/app.c     **** int app_init() {
  27              		.loc 1 5 16 view -0
  28              		.cfi_startproc
  29              		@ args = 0, pretend = 0, frame = 0
  30              		@ frame_needed = 0, uses_anonymous_args = 0
  31              		@ link register save eliminated.
   6:src/app.c     ****     LL_SYSTICK_EnableIT();
  32              		.loc 1 6 5 view .LVU1
  33              	.LBB4:
  34              	.LBI4:
  35              		.file 2 "Drivers/STM32G0xx_HAL_Driver/Inc/stm32g0xx_ll_cortex.h"
   1:Drivers/STM32G0xx_HAL_Driver/Inc/stm32g0xx_ll_cortex.h **** /**
   2:Drivers/STM32G0xx_HAL_Driver/Inc/stm32g0xx_ll_cortex.h ****   ******************************************************************************
   3:Drivers/STM32G0xx_HAL_Driver/Inc/stm32g0xx_ll_cortex.h ****   * @file    stm32g0xx_ll_cortex.h
   4:Drivers/STM32G0xx_HAL_Driver/Inc/stm32g0xx_ll_cortex.h ****   * @author  MCD Application Team
   5:Drivers/STM32G0xx_HAL_Driver/Inc/stm32g0xx_ll_cortex.h ****   * @brief   Header file of CORTEX LL module.
   6:Drivers/STM32G0xx_HAL_Driver/Inc/stm32g0xx_ll_cortex.h ****   @verbatim
   7:Drivers/STM32G0xx_HAL_Driver/Inc/stm32g0xx_ll_cortex.h ****   ==============================================================================
   8:Drivers/STM32G0xx_HAL_Driver/Inc/stm32g0xx_ll_cortex.h ****                      ##### How to use this driver #####
   9:Drivers/STM32G0xx_HAL_Driver/Inc/stm32g0xx_ll_cortex.h ****   ==============================================================================
  10:Drivers/STM32G0xx_HAL_Driver/Inc/stm32g0xx_ll_cortex.h ****     [..]
  11:Drivers/STM32G0xx_HAL_Driver/Inc/stm32g0xx_ll_cortex.h ****     The LL CORTEX driver contains a set of generic APIs that can be
  12:Drivers/STM32G0xx_HAL_Driver/Inc/stm32g0xx_ll_cortex.h ****     used by user:
  13:Drivers/STM32G0xx_HAL_Driver/Inc/stm32g0xx_ll_cortex.h ****       (+) SYSTICK configuration used by LL_mDelay and LL_Init1msTick
  14:Drivers/STM32G0xx_HAL_Driver/Inc/stm32g0xx_ll_cortex.h ****           functions
  15:Drivers/STM32G0xx_HAL_Driver/Inc/stm32g0xx_ll_cortex.h ****       (+) Low power mode configuration (SCB register of Cortex-MCU)
  16:Drivers/STM32G0xx_HAL_Driver/Inc/stm32g0xx_ll_cortex.h ****       (+) MPU API to configure and enable regions
  17:Drivers/STM32G0xx_HAL_Driver/Inc/stm32g0xx_ll_cortex.h ****       (+) API to access to MCU info (CPUID register)
ARM GAS  /tmp/ccVTwzCb.s 			page 2


  18:Drivers/STM32G0xx_HAL_Driver/Inc/stm32g0xx_ll_cortex.h **** 
  19:Drivers/STM32G0xx_HAL_Driver/Inc/stm32g0xx_ll_cortex.h ****   @endverbatim
  20:Drivers/STM32G0xx_HAL_Driver/Inc/stm32g0xx_ll_cortex.h ****   ******************************************************************************
  21:Drivers/STM32G0xx_HAL_Driver/Inc/stm32g0xx_ll_cortex.h ****   * @attention
  22:Drivers/STM32G0xx_HAL_Driver/Inc/stm32g0xx_ll_cortex.h ****   *
  23:Drivers/STM32G0xx_HAL_Driver/Inc/stm32g0xx_ll_cortex.h ****   * Copyright (c) 2018 STMicroelectronics.
  24:Drivers/STM32G0xx_HAL_Driver/Inc/stm32g0xx_ll_cortex.h ****   * All rights reserved.
  25:Drivers/STM32G0xx_HAL_Driver/Inc/stm32g0xx_ll_cortex.h ****   *
  26:Drivers/STM32G0xx_HAL_Driver/Inc/stm32g0xx_ll_cortex.h ****   * This software is licensed under terms that can be found in the LICENSE file in
  27:Drivers/STM32G0xx_HAL_Driver/Inc/stm32g0xx_ll_cortex.h ****   * the root directory of this software component.
  28:Drivers/STM32G0xx_HAL_Driver/Inc/stm32g0xx_ll_cortex.h ****   * If no LICENSE file comes with this software, it is provided AS-IS.
  29:Drivers/STM32G0xx_HAL_Driver/Inc/stm32g0xx_ll_cortex.h ****   *
  30:Drivers/STM32G0xx_HAL_Driver/Inc/stm32g0xx_ll_cortex.h ****   ******************************************************************************
  31:Drivers/STM32G0xx_HAL_Driver/Inc/stm32g0xx_ll_cortex.h ****   */
  32:Drivers/STM32G0xx_HAL_Driver/Inc/stm32g0xx_ll_cortex.h **** 
  33:Drivers/STM32G0xx_HAL_Driver/Inc/stm32g0xx_ll_cortex.h **** /* Define to prevent recursive inclusion -------------------------------------*/
  34:Drivers/STM32G0xx_HAL_Driver/Inc/stm32g0xx_ll_cortex.h **** #ifndef STM32G0xx_LL_CORTEX_H
  35:Drivers/STM32G0xx_HAL_Driver/Inc/stm32g0xx_ll_cortex.h **** #define STM32G0xx_LL_CORTEX_H
  36:Drivers/STM32G0xx_HAL_Driver/Inc/stm32g0xx_ll_cortex.h **** 
  37:Drivers/STM32G0xx_HAL_Driver/Inc/stm32g0xx_ll_cortex.h **** #ifdef __cplusplus
  38:Drivers/STM32G0xx_HAL_Driver/Inc/stm32g0xx_ll_cortex.h **** extern "C" {
  39:Drivers/STM32G0xx_HAL_Driver/Inc/stm32g0xx_ll_cortex.h **** #endif
  40:Drivers/STM32G0xx_HAL_Driver/Inc/stm32g0xx_ll_cortex.h **** 
  41:Drivers/STM32G0xx_HAL_Driver/Inc/stm32g0xx_ll_cortex.h **** /* Includes ------------------------------------------------------------------*/
  42:Drivers/STM32G0xx_HAL_Driver/Inc/stm32g0xx_ll_cortex.h **** #include "stm32g0xx.h"
  43:Drivers/STM32G0xx_HAL_Driver/Inc/stm32g0xx_ll_cortex.h **** 
  44:Drivers/STM32G0xx_HAL_Driver/Inc/stm32g0xx_ll_cortex.h **** /** @addtogroup STM32G0xx_LL_Driver
  45:Drivers/STM32G0xx_HAL_Driver/Inc/stm32g0xx_ll_cortex.h ****   * @{
  46:Drivers/STM32G0xx_HAL_Driver/Inc/stm32g0xx_ll_cortex.h ****   */
  47:Drivers/STM32G0xx_HAL_Driver/Inc/stm32g0xx_ll_cortex.h **** 
  48:Drivers/STM32G0xx_HAL_Driver/Inc/stm32g0xx_ll_cortex.h **** /** @defgroup CORTEX_LL CORTEX
  49:Drivers/STM32G0xx_HAL_Driver/Inc/stm32g0xx_ll_cortex.h ****   * @{
  50:Drivers/STM32G0xx_HAL_Driver/Inc/stm32g0xx_ll_cortex.h ****   */
  51:Drivers/STM32G0xx_HAL_Driver/Inc/stm32g0xx_ll_cortex.h **** 
  52:Drivers/STM32G0xx_HAL_Driver/Inc/stm32g0xx_ll_cortex.h **** /* Private types -------------------------------------------------------------*/
  53:Drivers/STM32G0xx_HAL_Driver/Inc/stm32g0xx_ll_cortex.h **** /* Private variables ---------------------------------------------------------*/
  54:Drivers/STM32G0xx_HAL_Driver/Inc/stm32g0xx_ll_cortex.h **** 
  55:Drivers/STM32G0xx_HAL_Driver/Inc/stm32g0xx_ll_cortex.h **** /* Private constants ---------------------------------------------------------*/
  56:Drivers/STM32G0xx_HAL_Driver/Inc/stm32g0xx_ll_cortex.h **** 
  57:Drivers/STM32G0xx_HAL_Driver/Inc/stm32g0xx_ll_cortex.h **** /* Private macros ------------------------------------------------------------*/
  58:Drivers/STM32G0xx_HAL_Driver/Inc/stm32g0xx_ll_cortex.h **** 
  59:Drivers/STM32G0xx_HAL_Driver/Inc/stm32g0xx_ll_cortex.h **** /* Exported types ------------------------------------------------------------*/
  60:Drivers/STM32G0xx_HAL_Driver/Inc/stm32g0xx_ll_cortex.h **** /* Exported constants --------------------------------------------------------*/
  61:Drivers/STM32G0xx_HAL_Driver/Inc/stm32g0xx_ll_cortex.h **** /** @defgroup CORTEX_LL_Exported_Constants CORTEX Exported Constants
  62:Drivers/STM32G0xx_HAL_Driver/Inc/stm32g0xx_ll_cortex.h ****   * @{
  63:Drivers/STM32G0xx_HAL_Driver/Inc/stm32g0xx_ll_cortex.h ****   */
  64:Drivers/STM32G0xx_HAL_Driver/Inc/stm32g0xx_ll_cortex.h **** 
  65:Drivers/STM32G0xx_HAL_Driver/Inc/stm32g0xx_ll_cortex.h **** /** @defgroup CORTEX_LL_EC_CLKSOURCE_HCLK SYSTICK Clock Source
  66:Drivers/STM32G0xx_HAL_Driver/Inc/stm32g0xx_ll_cortex.h ****   * @{
  67:Drivers/STM32G0xx_HAL_Driver/Inc/stm32g0xx_ll_cortex.h ****   */
  68:Drivers/STM32G0xx_HAL_Driver/Inc/stm32g0xx_ll_cortex.h **** #define LL_SYSTICK_CLKSOURCE_HCLK_DIV8     0x00000000U                 /*!< AHB clock divided by 8 
  69:Drivers/STM32G0xx_HAL_Driver/Inc/stm32g0xx_ll_cortex.h **** #define LL_SYSTICK_CLKSOURCE_HCLK          SysTick_CTRL_CLKSOURCE_Msk  /*!< AHB clock selected as S
  70:Drivers/STM32G0xx_HAL_Driver/Inc/stm32g0xx_ll_cortex.h **** /**
  71:Drivers/STM32G0xx_HAL_Driver/Inc/stm32g0xx_ll_cortex.h ****   * @}
  72:Drivers/STM32G0xx_HAL_Driver/Inc/stm32g0xx_ll_cortex.h ****   */
  73:Drivers/STM32G0xx_HAL_Driver/Inc/stm32g0xx_ll_cortex.h **** 
  74:Drivers/STM32G0xx_HAL_Driver/Inc/stm32g0xx_ll_cortex.h **** #if __MPU_PRESENT
ARM GAS  /tmp/ccVTwzCb.s 			page 3


  75:Drivers/STM32G0xx_HAL_Driver/Inc/stm32g0xx_ll_cortex.h **** 
  76:Drivers/STM32G0xx_HAL_Driver/Inc/stm32g0xx_ll_cortex.h **** /** @defgroup CORTEX_LL_EC_CTRL_HFNMI_PRIVDEF MPU Control
  77:Drivers/STM32G0xx_HAL_Driver/Inc/stm32g0xx_ll_cortex.h ****   * @{
  78:Drivers/STM32G0xx_HAL_Driver/Inc/stm32g0xx_ll_cortex.h ****   */
  79:Drivers/STM32G0xx_HAL_Driver/Inc/stm32g0xx_ll_cortex.h **** #define LL_MPU_CTRL_HFNMI_PRIVDEF_NONE     0x00000000U                                       /*!< D
  80:Drivers/STM32G0xx_HAL_Driver/Inc/stm32g0xx_ll_cortex.h **** #define LL_MPU_CTRL_HARDFAULT_NMI          MPU_CTRL_HFNMIENA_Msk                             /*!< E
  81:Drivers/STM32G0xx_HAL_Driver/Inc/stm32g0xx_ll_cortex.h **** #define LL_MPU_CTRL_PRIVILEGED_DEFAULT     MPU_CTRL_PRIVDEFENA_Msk                           /*!< E
  82:Drivers/STM32G0xx_HAL_Driver/Inc/stm32g0xx_ll_cortex.h **** #define LL_MPU_CTRL_HFNMI_PRIVDEF          (MPU_CTRL_HFNMIENA_Msk | MPU_CTRL_PRIVDEFENA_Msk) /*!< E
  83:Drivers/STM32G0xx_HAL_Driver/Inc/stm32g0xx_ll_cortex.h **** /**
  84:Drivers/STM32G0xx_HAL_Driver/Inc/stm32g0xx_ll_cortex.h ****   * @}
  85:Drivers/STM32G0xx_HAL_Driver/Inc/stm32g0xx_ll_cortex.h ****   */
  86:Drivers/STM32G0xx_HAL_Driver/Inc/stm32g0xx_ll_cortex.h **** 
  87:Drivers/STM32G0xx_HAL_Driver/Inc/stm32g0xx_ll_cortex.h **** /** @defgroup CORTEX_LL_EC_REGION MPU Region Number
  88:Drivers/STM32G0xx_HAL_Driver/Inc/stm32g0xx_ll_cortex.h ****   * @{
  89:Drivers/STM32G0xx_HAL_Driver/Inc/stm32g0xx_ll_cortex.h ****   */
  90:Drivers/STM32G0xx_HAL_Driver/Inc/stm32g0xx_ll_cortex.h **** #define LL_MPU_REGION_NUMBER0              0x00U /*!< REGION Number 0 */
  91:Drivers/STM32G0xx_HAL_Driver/Inc/stm32g0xx_ll_cortex.h **** #define LL_MPU_REGION_NUMBER1              0x01U /*!< REGION Number 1 */
  92:Drivers/STM32G0xx_HAL_Driver/Inc/stm32g0xx_ll_cortex.h **** #define LL_MPU_REGION_NUMBER2              0x02U /*!< REGION Number 2 */
  93:Drivers/STM32G0xx_HAL_Driver/Inc/stm32g0xx_ll_cortex.h **** #define LL_MPU_REGION_NUMBER3              0x03U /*!< REGION Number 3 */
  94:Drivers/STM32G0xx_HAL_Driver/Inc/stm32g0xx_ll_cortex.h **** #define LL_MPU_REGION_NUMBER4              0x04U /*!< REGION Number 4 */
  95:Drivers/STM32G0xx_HAL_Driver/Inc/stm32g0xx_ll_cortex.h **** #define LL_MPU_REGION_NUMBER5              0x05U /*!< REGION Number 5 */
  96:Drivers/STM32G0xx_HAL_Driver/Inc/stm32g0xx_ll_cortex.h **** #define LL_MPU_REGION_NUMBER6              0x06U /*!< REGION Number 6 */
  97:Drivers/STM32G0xx_HAL_Driver/Inc/stm32g0xx_ll_cortex.h **** #define LL_MPU_REGION_NUMBER7              0x07U /*!< REGION Number 7 */
  98:Drivers/STM32G0xx_HAL_Driver/Inc/stm32g0xx_ll_cortex.h **** /**
  99:Drivers/STM32G0xx_HAL_Driver/Inc/stm32g0xx_ll_cortex.h ****   * @}
 100:Drivers/STM32G0xx_HAL_Driver/Inc/stm32g0xx_ll_cortex.h ****   */
 101:Drivers/STM32G0xx_HAL_Driver/Inc/stm32g0xx_ll_cortex.h **** 
 102:Drivers/STM32G0xx_HAL_Driver/Inc/stm32g0xx_ll_cortex.h **** /** @defgroup CORTEX_LL_EC_REGION_SIZE MPU Region Size
 103:Drivers/STM32G0xx_HAL_Driver/Inc/stm32g0xx_ll_cortex.h ****   * @{
 104:Drivers/STM32G0xx_HAL_Driver/Inc/stm32g0xx_ll_cortex.h ****   */
 105:Drivers/STM32G0xx_HAL_Driver/Inc/stm32g0xx_ll_cortex.h **** #define LL_MPU_REGION_SIZE_256B            (0x07U << MPU_RASR_SIZE_Pos) /*!< 256B Size of the MPU p
 106:Drivers/STM32G0xx_HAL_Driver/Inc/stm32g0xx_ll_cortex.h **** #define LL_MPU_REGION_SIZE_512B            (0x08U << MPU_RASR_SIZE_Pos) /*!< 512B Size of the MPU p
 107:Drivers/STM32G0xx_HAL_Driver/Inc/stm32g0xx_ll_cortex.h **** #define LL_MPU_REGION_SIZE_1KB             (0x09U << MPU_RASR_SIZE_Pos) /*!< 1KB Size of the MPU pr
 108:Drivers/STM32G0xx_HAL_Driver/Inc/stm32g0xx_ll_cortex.h **** #define LL_MPU_REGION_SIZE_2KB             (0x0AU << MPU_RASR_SIZE_Pos) /*!< 2KB Size of the MPU pr
 109:Drivers/STM32G0xx_HAL_Driver/Inc/stm32g0xx_ll_cortex.h **** #define LL_MPU_REGION_SIZE_4KB             (0x0BU << MPU_RASR_SIZE_Pos) /*!< 4KB Size of the MPU pr
 110:Drivers/STM32G0xx_HAL_Driver/Inc/stm32g0xx_ll_cortex.h **** #define LL_MPU_REGION_SIZE_8KB             (0x0CU << MPU_RASR_SIZE_Pos) /*!< 8KB Size of the MPU pr
 111:Drivers/STM32G0xx_HAL_Driver/Inc/stm32g0xx_ll_cortex.h **** #define LL_MPU_REGION_SIZE_16KB            (0x0DU << MPU_RASR_SIZE_Pos) /*!< 16KB Size of the MPU p
 112:Drivers/STM32G0xx_HAL_Driver/Inc/stm32g0xx_ll_cortex.h **** #define LL_MPU_REGION_SIZE_32KB            (0x0EU << MPU_RASR_SIZE_Pos) /*!< 32KB Size of the MPU p
 113:Drivers/STM32G0xx_HAL_Driver/Inc/stm32g0xx_ll_cortex.h **** #define LL_MPU_REGION_SIZE_64KB            (0x0FU << MPU_RASR_SIZE_Pos) /*!< 64KB Size of the MPU p
 114:Drivers/STM32G0xx_HAL_Driver/Inc/stm32g0xx_ll_cortex.h **** #define LL_MPU_REGION_SIZE_128KB           (0x10U << MPU_RASR_SIZE_Pos) /*!< 128KB Size of the MPU 
 115:Drivers/STM32G0xx_HAL_Driver/Inc/stm32g0xx_ll_cortex.h **** #define LL_MPU_REGION_SIZE_256KB           (0x11U << MPU_RASR_SIZE_Pos) /*!< 256KB Size of the MPU 
 116:Drivers/STM32G0xx_HAL_Driver/Inc/stm32g0xx_ll_cortex.h **** #define LL_MPU_REGION_SIZE_512KB           (0x12U << MPU_RASR_SIZE_Pos) /*!< 512KB Size of the MPU 
 117:Drivers/STM32G0xx_HAL_Driver/Inc/stm32g0xx_ll_cortex.h **** #define LL_MPU_REGION_SIZE_1MB             (0x13U << MPU_RASR_SIZE_Pos) /*!< 1MB Size of the MPU pr
 118:Drivers/STM32G0xx_HAL_Driver/Inc/stm32g0xx_ll_cortex.h **** #define LL_MPU_REGION_SIZE_2MB             (0x14U << MPU_RASR_SIZE_Pos) /*!< 2MB Size of the MPU pr
 119:Drivers/STM32G0xx_HAL_Driver/Inc/stm32g0xx_ll_cortex.h **** #define LL_MPU_REGION_SIZE_4MB             (0x15U << MPU_RASR_SIZE_Pos) /*!< 4MB Size of the MPU pr
 120:Drivers/STM32G0xx_HAL_Driver/Inc/stm32g0xx_ll_cortex.h **** #define LL_MPU_REGION_SIZE_8MB             (0x16U << MPU_RASR_SIZE_Pos) /*!< 8MB Size of the MPU pr
 121:Drivers/STM32G0xx_HAL_Driver/Inc/stm32g0xx_ll_cortex.h **** #define LL_MPU_REGION_SIZE_16MB            (0x17U << MPU_RASR_SIZE_Pos) /*!< 16MB Size of the MPU p
 122:Drivers/STM32G0xx_HAL_Driver/Inc/stm32g0xx_ll_cortex.h **** #define LL_MPU_REGION_SIZE_32MB            (0x18U << MPU_RASR_SIZE_Pos) /*!< 32MB Size of the MPU p
 123:Drivers/STM32G0xx_HAL_Driver/Inc/stm32g0xx_ll_cortex.h **** #define LL_MPU_REGION_SIZE_64MB            (0x19U << MPU_RASR_SIZE_Pos) /*!< 64MB Size of the MPU p
 124:Drivers/STM32G0xx_HAL_Driver/Inc/stm32g0xx_ll_cortex.h **** #define LL_MPU_REGION_SIZE_128MB           (0x1AU << MPU_RASR_SIZE_Pos) /*!< 128MB Size of the MPU 
 125:Drivers/STM32G0xx_HAL_Driver/Inc/stm32g0xx_ll_cortex.h **** #define LL_MPU_REGION_SIZE_256MB           (0x1BU << MPU_RASR_SIZE_Pos) /*!< 256MB Size of the MPU 
 126:Drivers/STM32G0xx_HAL_Driver/Inc/stm32g0xx_ll_cortex.h **** #define LL_MPU_REGION_SIZE_512MB           (0x1CU << MPU_RASR_SIZE_Pos) /*!< 512MB Size of the MPU 
 127:Drivers/STM32G0xx_HAL_Driver/Inc/stm32g0xx_ll_cortex.h **** #define LL_MPU_REGION_SIZE_1GB             (0x1DU << MPU_RASR_SIZE_Pos) /*!< 1GB Size of the MPU pr
 128:Drivers/STM32G0xx_HAL_Driver/Inc/stm32g0xx_ll_cortex.h **** #define LL_MPU_REGION_SIZE_2GB             (0x1EU << MPU_RASR_SIZE_Pos) /*!< 2GB Size of the MPU pr
 129:Drivers/STM32G0xx_HAL_Driver/Inc/stm32g0xx_ll_cortex.h **** #define LL_MPU_REGION_SIZE_4GB             (0x1FU << MPU_RASR_SIZE_Pos) /*!< 4GB Size of the MPU pr
 130:Drivers/STM32G0xx_HAL_Driver/Inc/stm32g0xx_ll_cortex.h **** /**
 131:Drivers/STM32G0xx_HAL_Driver/Inc/stm32g0xx_ll_cortex.h ****   * @}
ARM GAS  /tmp/ccVTwzCb.s 			page 4


 132:Drivers/STM32G0xx_HAL_Driver/Inc/stm32g0xx_ll_cortex.h ****   */
 133:Drivers/STM32G0xx_HAL_Driver/Inc/stm32g0xx_ll_cortex.h **** 
 134:Drivers/STM32G0xx_HAL_Driver/Inc/stm32g0xx_ll_cortex.h **** /** @defgroup CORTEX_LL_EC_REGION_PRIVILEDGES MPU Region Privileges
 135:Drivers/STM32G0xx_HAL_Driver/Inc/stm32g0xx_ll_cortex.h ****   * @{
 136:Drivers/STM32G0xx_HAL_Driver/Inc/stm32g0xx_ll_cortex.h ****   */
 137:Drivers/STM32G0xx_HAL_Driver/Inc/stm32g0xx_ll_cortex.h **** #define LL_MPU_REGION_NO_ACCESS            (0x00U << MPU_RASR_AP_Pos) /*!< No access*/
 138:Drivers/STM32G0xx_HAL_Driver/Inc/stm32g0xx_ll_cortex.h **** #define LL_MPU_REGION_PRIV_RW              (0x01U << MPU_RASR_AP_Pos) /*!< RW privileged (privilege
 139:Drivers/STM32G0xx_HAL_Driver/Inc/stm32g0xx_ll_cortex.h **** #define LL_MPU_REGION_PRIV_RW_URO          (0x02U << MPU_RASR_AP_Pos) /*!< RW privileged - RO user 
 140:Drivers/STM32G0xx_HAL_Driver/Inc/stm32g0xx_ll_cortex.h **** #define LL_MPU_REGION_FULL_ACCESS          (0x03U << MPU_RASR_AP_Pos) /*!< RW privileged & user (Fu
 141:Drivers/STM32G0xx_HAL_Driver/Inc/stm32g0xx_ll_cortex.h **** #define LL_MPU_REGION_PRIV_RO              (0x05U << MPU_RASR_AP_Pos) /*!< RO privileged (privilege
 142:Drivers/STM32G0xx_HAL_Driver/Inc/stm32g0xx_ll_cortex.h **** #define LL_MPU_REGION_PRIV_RO_URO          (0x06U << MPU_RASR_AP_Pos) /*!< RO privileged & user (re
 143:Drivers/STM32G0xx_HAL_Driver/Inc/stm32g0xx_ll_cortex.h **** /**
 144:Drivers/STM32G0xx_HAL_Driver/Inc/stm32g0xx_ll_cortex.h ****   * @}
 145:Drivers/STM32G0xx_HAL_Driver/Inc/stm32g0xx_ll_cortex.h ****   */
 146:Drivers/STM32G0xx_HAL_Driver/Inc/stm32g0xx_ll_cortex.h **** 
 147:Drivers/STM32G0xx_HAL_Driver/Inc/stm32g0xx_ll_cortex.h **** /** @defgroup CORTEX_LL_EC_TEX MPU TEX Level
 148:Drivers/STM32G0xx_HAL_Driver/Inc/stm32g0xx_ll_cortex.h ****   * @{
 149:Drivers/STM32G0xx_HAL_Driver/Inc/stm32g0xx_ll_cortex.h ****   */
 150:Drivers/STM32G0xx_HAL_Driver/Inc/stm32g0xx_ll_cortex.h **** #define LL_MPU_TEX_LEVEL0                  (0x00U << MPU_RASR_TEX_Pos) /*!< b000 for TEX bits */
 151:Drivers/STM32G0xx_HAL_Driver/Inc/stm32g0xx_ll_cortex.h **** #define LL_MPU_TEX_LEVEL1                  (0x01U << MPU_RASR_TEX_Pos) /*!< b001 for TEX bits */
 152:Drivers/STM32G0xx_HAL_Driver/Inc/stm32g0xx_ll_cortex.h **** #define LL_MPU_TEX_LEVEL2                  (0x02U << MPU_RASR_TEX_Pos) /*!< b010 for TEX bits */
 153:Drivers/STM32G0xx_HAL_Driver/Inc/stm32g0xx_ll_cortex.h **** #define LL_MPU_TEX_LEVEL4                  (0x04U << MPU_RASR_TEX_Pos) /*!< b100 for TEX bits */
 154:Drivers/STM32G0xx_HAL_Driver/Inc/stm32g0xx_ll_cortex.h **** /**
 155:Drivers/STM32G0xx_HAL_Driver/Inc/stm32g0xx_ll_cortex.h ****   * @}
 156:Drivers/STM32G0xx_HAL_Driver/Inc/stm32g0xx_ll_cortex.h ****   */
 157:Drivers/STM32G0xx_HAL_Driver/Inc/stm32g0xx_ll_cortex.h **** 
 158:Drivers/STM32G0xx_HAL_Driver/Inc/stm32g0xx_ll_cortex.h **** /** @defgroup CORTEX_LL_EC_INSTRUCTION_ACCESS MPU Instruction Access
 159:Drivers/STM32G0xx_HAL_Driver/Inc/stm32g0xx_ll_cortex.h ****   * @{
 160:Drivers/STM32G0xx_HAL_Driver/Inc/stm32g0xx_ll_cortex.h ****   */
 161:Drivers/STM32G0xx_HAL_Driver/Inc/stm32g0xx_ll_cortex.h **** #define LL_MPU_INSTRUCTION_ACCESS_ENABLE   0x00U            /*!< Instruction fetches enabled */
 162:Drivers/STM32G0xx_HAL_Driver/Inc/stm32g0xx_ll_cortex.h **** #define LL_MPU_INSTRUCTION_ACCESS_DISABLE  MPU_RASR_XN_Msk  /*!< Instruction fetches disabled*/
 163:Drivers/STM32G0xx_HAL_Driver/Inc/stm32g0xx_ll_cortex.h **** /**
 164:Drivers/STM32G0xx_HAL_Driver/Inc/stm32g0xx_ll_cortex.h ****   * @}
 165:Drivers/STM32G0xx_HAL_Driver/Inc/stm32g0xx_ll_cortex.h ****   */
 166:Drivers/STM32G0xx_HAL_Driver/Inc/stm32g0xx_ll_cortex.h **** 
 167:Drivers/STM32G0xx_HAL_Driver/Inc/stm32g0xx_ll_cortex.h **** /** @defgroup CORTEX_LL_EC_SHAREABLE_ACCESS MPU Shareable Access
 168:Drivers/STM32G0xx_HAL_Driver/Inc/stm32g0xx_ll_cortex.h ****   * @{
 169:Drivers/STM32G0xx_HAL_Driver/Inc/stm32g0xx_ll_cortex.h ****   */
 170:Drivers/STM32G0xx_HAL_Driver/Inc/stm32g0xx_ll_cortex.h **** #define LL_MPU_ACCESS_SHAREABLE            MPU_RASR_S_Msk   /*!< Shareable memory attribute */
 171:Drivers/STM32G0xx_HAL_Driver/Inc/stm32g0xx_ll_cortex.h **** #define LL_MPU_ACCESS_NOT_SHAREABLE        0x00U            /*!< Not Shareable memory attribute */
 172:Drivers/STM32G0xx_HAL_Driver/Inc/stm32g0xx_ll_cortex.h **** /**
 173:Drivers/STM32G0xx_HAL_Driver/Inc/stm32g0xx_ll_cortex.h ****   * @}
 174:Drivers/STM32G0xx_HAL_Driver/Inc/stm32g0xx_ll_cortex.h ****   */
 175:Drivers/STM32G0xx_HAL_Driver/Inc/stm32g0xx_ll_cortex.h **** 
 176:Drivers/STM32G0xx_HAL_Driver/Inc/stm32g0xx_ll_cortex.h **** /** @defgroup CORTEX_LL_EC_CACHEABLE_ACCESS MPU Cacheable Access
 177:Drivers/STM32G0xx_HAL_Driver/Inc/stm32g0xx_ll_cortex.h ****   * @{
 178:Drivers/STM32G0xx_HAL_Driver/Inc/stm32g0xx_ll_cortex.h ****   */
 179:Drivers/STM32G0xx_HAL_Driver/Inc/stm32g0xx_ll_cortex.h **** #define LL_MPU_ACCESS_CACHEABLE            MPU_RASR_C_Msk   /*!< Cacheable memory attribute */
 180:Drivers/STM32G0xx_HAL_Driver/Inc/stm32g0xx_ll_cortex.h **** #define LL_MPU_ACCESS_NOT_CACHEABLE        0x00U            /*!< Not Cacheable memory attribute */
 181:Drivers/STM32G0xx_HAL_Driver/Inc/stm32g0xx_ll_cortex.h **** /**
 182:Drivers/STM32G0xx_HAL_Driver/Inc/stm32g0xx_ll_cortex.h ****   * @}
 183:Drivers/STM32G0xx_HAL_Driver/Inc/stm32g0xx_ll_cortex.h ****   */
 184:Drivers/STM32G0xx_HAL_Driver/Inc/stm32g0xx_ll_cortex.h **** 
 185:Drivers/STM32G0xx_HAL_Driver/Inc/stm32g0xx_ll_cortex.h **** /** @defgroup CORTEX_LL_EC_BUFFERABLE_ACCESS MPU Bufferable Access
 186:Drivers/STM32G0xx_HAL_Driver/Inc/stm32g0xx_ll_cortex.h ****   * @{
 187:Drivers/STM32G0xx_HAL_Driver/Inc/stm32g0xx_ll_cortex.h ****   */
 188:Drivers/STM32G0xx_HAL_Driver/Inc/stm32g0xx_ll_cortex.h **** #define LL_MPU_ACCESS_BUFFERABLE           MPU_RASR_B_Msk   /*!< Bufferable memory attribute */
ARM GAS  /tmp/ccVTwzCb.s 			page 5


 189:Drivers/STM32G0xx_HAL_Driver/Inc/stm32g0xx_ll_cortex.h **** #define LL_MPU_ACCESS_NOT_BUFFERABLE       0x00U            /*!< Not Bufferable memory attribute */
 190:Drivers/STM32G0xx_HAL_Driver/Inc/stm32g0xx_ll_cortex.h **** /**
 191:Drivers/STM32G0xx_HAL_Driver/Inc/stm32g0xx_ll_cortex.h ****   * @}
 192:Drivers/STM32G0xx_HAL_Driver/Inc/stm32g0xx_ll_cortex.h ****   */
 193:Drivers/STM32G0xx_HAL_Driver/Inc/stm32g0xx_ll_cortex.h **** #endif /* __MPU_PRESENT */
 194:Drivers/STM32G0xx_HAL_Driver/Inc/stm32g0xx_ll_cortex.h **** /**
 195:Drivers/STM32G0xx_HAL_Driver/Inc/stm32g0xx_ll_cortex.h ****   * @}
 196:Drivers/STM32G0xx_HAL_Driver/Inc/stm32g0xx_ll_cortex.h ****   */
 197:Drivers/STM32G0xx_HAL_Driver/Inc/stm32g0xx_ll_cortex.h **** 
 198:Drivers/STM32G0xx_HAL_Driver/Inc/stm32g0xx_ll_cortex.h **** /* Exported macro ------------------------------------------------------------*/
 199:Drivers/STM32G0xx_HAL_Driver/Inc/stm32g0xx_ll_cortex.h **** 
 200:Drivers/STM32G0xx_HAL_Driver/Inc/stm32g0xx_ll_cortex.h **** /* Exported functions --------------------------------------------------------*/
 201:Drivers/STM32G0xx_HAL_Driver/Inc/stm32g0xx_ll_cortex.h **** /** @defgroup CORTEX_LL_Exported_Functions CORTEX Exported Functions
 202:Drivers/STM32G0xx_HAL_Driver/Inc/stm32g0xx_ll_cortex.h ****   * @{
 203:Drivers/STM32G0xx_HAL_Driver/Inc/stm32g0xx_ll_cortex.h ****   */
 204:Drivers/STM32G0xx_HAL_Driver/Inc/stm32g0xx_ll_cortex.h **** 
 205:Drivers/STM32G0xx_HAL_Driver/Inc/stm32g0xx_ll_cortex.h **** /** @defgroup CORTEX_LL_EF_SYSTICK SYSTICK
 206:Drivers/STM32G0xx_HAL_Driver/Inc/stm32g0xx_ll_cortex.h ****   * @{
 207:Drivers/STM32G0xx_HAL_Driver/Inc/stm32g0xx_ll_cortex.h ****   */
 208:Drivers/STM32G0xx_HAL_Driver/Inc/stm32g0xx_ll_cortex.h **** 
 209:Drivers/STM32G0xx_HAL_Driver/Inc/stm32g0xx_ll_cortex.h **** /**
 210:Drivers/STM32G0xx_HAL_Driver/Inc/stm32g0xx_ll_cortex.h ****   * @brief  This function checks if the Systick counter flag is active or not.
 211:Drivers/STM32G0xx_HAL_Driver/Inc/stm32g0xx_ll_cortex.h ****   * @note   It can be used in timeout function on application side.
 212:Drivers/STM32G0xx_HAL_Driver/Inc/stm32g0xx_ll_cortex.h ****   * @rmtoll STK_CTRL     COUNTFLAG     LL_SYSTICK_IsActiveCounterFlag
 213:Drivers/STM32G0xx_HAL_Driver/Inc/stm32g0xx_ll_cortex.h ****   * @retval State of bit (1 or 0).
 214:Drivers/STM32G0xx_HAL_Driver/Inc/stm32g0xx_ll_cortex.h ****   */
 215:Drivers/STM32G0xx_HAL_Driver/Inc/stm32g0xx_ll_cortex.h **** __STATIC_INLINE uint32_t LL_SYSTICK_IsActiveCounterFlag(void)
 216:Drivers/STM32G0xx_HAL_Driver/Inc/stm32g0xx_ll_cortex.h **** {
 217:Drivers/STM32G0xx_HAL_Driver/Inc/stm32g0xx_ll_cortex.h ****   return (((SysTick->CTRL & SysTick_CTRL_COUNTFLAG_Msk) == (SysTick_CTRL_COUNTFLAG_Msk)) ? 1UL : 0U
 218:Drivers/STM32G0xx_HAL_Driver/Inc/stm32g0xx_ll_cortex.h **** }
 219:Drivers/STM32G0xx_HAL_Driver/Inc/stm32g0xx_ll_cortex.h **** 
 220:Drivers/STM32G0xx_HAL_Driver/Inc/stm32g0xx_ll_cortex.h **** /**
 221:Drivers/STM32G0xx_HAL_Driver/Inc/stm32g0xx_ll_cortex.h ****   * @brief  Configures the SysTick clock source
 222:Drivers/STM32G0xx_HAL_Driver/Inc/stm32g0xx_ll_cortex.h ****   * @rmtoll STK_CTRL     CLKSOURCE     LL_SYSTICK_SetClkSource
 223:Drivers/STM32G0xx_HAL_Driver/Inc/stm32g0xx_ll_cortex.h ****   * @param  Source This parameter can be one of the following values:
 224:Drivers/STM32G0xx_HAL_Driver/Inc/stm32g0xx_ll_cortex.h ****   *         @arg @ref LL_SYSTICK_CLKSOURCE_HCLK_DIV8
 225:Drivers/STM32G0xx_HAL_Driver/Inc/stm32g0xx_ll_cortex.h ****   *         @arg @ref LL_SYSTICK_CLKSOURCE_HCLK
 226:Drivers/STM32G0xx_HAL_Driver/Inc/stm32g0xx_ll_cortex.h ****   * @retval None
 227:Drivers/STM32G0xx_HAL_Driver/Inc/stm32g0xx_ll_cortex.h ****   */
 228:Drivers/STM32G0xx_HAL_Driver/Inc/stm32g0xx_ll_cortex.h **** __STATIC_INLINE void LL_SYSTICK_SetClkSource(uint32_t Source)
 229:Drivers/STM32G0xx_HAL_Driver/Inc/stm32g0xx_ll_cortex.h **** {
 230:Drivers/STM32G0xx_HAL_Driver/Inc/stm32g0xx_ll_cortex.h ****   if (Source == LL_SYSTICK_CLKSOURCE_HCLK)
 231:Drivers/STM32G0xx_HAL_Driver/Inc/stm32g0xx_ll_cortex.h ****   {
 232:Drivers/STM32G0xx_HAL_Driver/Inc/stm32g0xx_ll_cortex.h ****     SET_BIT(SysTick->CTRL, LL_SYSTICK_CLKSOURCE_HCLK);
 233:Drivers/STM32G0xx_HAL_Driver/Inc/stm32g0xx_ll_cortex.h ****   }
 234:Drivers/STM32G0xx_HAL_Driver/Inc/stm32g0xx_ll_cortex.h ****   else
 235:Drivers/STM32G0xx_HAL_Driver/Inc/stm32g0xx_ll_cortex.h ****   {
 236:Drivers/STM32G0xx_HAL_Driver/Inc/stm32g0xx_ll_cortex.h ****     CLEAR_BIT(SysTick->CTRL, LL_SYSTICK_CLKSOURCE_HCLK);
 237:Drivers/STM32G0xx_HAL_Driver/Inc/stm32g0xx_ll_cortex.h ****   }
 238:Drivers/STM32G0xx_HAL_Driver/Inc/stm32g0xx_ll_cortex.h **** }
 239:Drivers/STM32G0xx_HAL_Driver/Inc/stm32g0xx_ll_cortex.h **** 
 240:Drivers/STM32G0xx_HAL_Driver/Inc/stm32g0xx_ll_cortex.h **** /**
 241:Drivers/STM32G0xx_HAL_Driver/Inc/stm32g0xx_ll_cortex.h ****   * @brief  Get the SysTick clock source
 242:Drivers/STM32G0xx_HAL_Driver/Inc/stm32g0xx_ll_cortex.h ****   * @rmtoll STK_CTRL     CLKSOURCE     LL_SYSTICK_GetClkSource
 243:Drivers/STM32G0xx_HAL_Driver/Inc/stm32g0xx_ll_cortex.h ****   * @retval Returned value can be one of the following values:
 244:Drivers/STM32G0xx_HAL_Driver/Inc/stm32g0xx_ll_cortex.h ****   *         @arg @ref LL_SYSTICK_CLKSOURCE_HCLK_DIV8
 245:Drivers/STM32G0xx_HAL_Driver/Inc/stm32g0xx_ll_cortex.h ****   *         @arg @ref LL_SYSTICK_CLKSOURCE_HCLK
ARM GAS  /tmp/ccVTwzCb.s 			page 6


 246:Drivers/STM32G0xx_HAL_Driver/Inc/stm32g0xx_ll_cortex.h ****   */
 247:Drivers/STM32G0xx_HAL_Driver/Inc/stm32g0xx_ll_cortex.h **** __STATIC_INLINE uint32_t LL_SYSTICK_GetClkSource(void)
 248:Drivers/STM32G0xx_HAL_Driver/Inc/stm32g0xx_ll_cortex.h **** {
 249:Drivers/STM32G0xx_HAL_Driver/Inc/stm32g0xx_ll_cortex.h ****   return READ_BIT(SysTick->CTRL, LL_SYSTICK_CLKSOURCE_HCLK);
 250:Drivers/STM32G0xx_HAL_Driver/Inc/stm32g0xx_ll_cortex.h **** }
 251:Drivers/STM32G0xx_HAL_Driver/Inc/stm32g0xx_ll_cortex.h **** 
 252:Drivers/STM32G0xx_HAL_Driver/Inc/stm32g0xx_ll_cortex.h **** /**
 253:Drivers/STM32G0xx_HAL_Driver/Inc/stm32g0xx_ll_cortex.h ****   * @brief  Enable SysTick exception request
 254:Drivers/STM32G0xx_HAL_Driver/Inc/stm32g0xx_ll_cortex.h ****   * @rmtoll STK_CTRL     TICKINT       LL_SYSTICK_EnableIT
 255:Drivers/STM32G0xx_HAL_Driver/Inc/stm32g0xx_ll_cortex.h ****   * @retval None
 256:Drivers/STM32G0xx_HAL_Driver/Inc/stm32g0xx_ll_cortex.h ****   */
 257:Drivers/STM32G0xx_HAL_Driver/Inc/stm32g0xx_ll_cortex.h **** __STATIC_INLINE void LL_SYSTICK_EnableIT(void)
  36              		.loc 2 257 22 view .LVU2
  37              	.LBB5:
 258:Drivers/STM32G0xx_HAL_Driver/Inc/stm32g0xx_ll_cortex.h **** {
 259:Drivers/STM32G0xx_HAL_Driver/Inc/stm32g0xx_ll_cortex.h ****   SET_BIT(SysTick->CTRL, SysTick_CTRL_TICKINT_Msk);
  38              		.loc 2 259 3 view .LVU3
  39 0000 024A     		ldr	r2, .L2
  40 0002 1368     		ldr	r3, [r2]
  41 0004 0221     		movs	r1, #2
  42 0006 0B43     		orrs	r3, r1
  43 0008 1360     		str	r3, [r2]
  44              	.LBE5:
  45              	.LBE4:
   7:src/app.c     **** }
  46              		.loc 1 7 1 is_stmt 0 view .LVU4
  47              		@ sp needed
  48 000a 7047     		bx	lr
  49              	.L3:
  50              		.align	2
  51              	.L2:
  52 000c 10E000E0 		.word	-536813552
  53              		.cfi_endproc
  54              	.LFE78:
  56              		.section	.text.app_update,"ax",%progbits
  57              		.align	1
  58              		.global	app_update
  59              		.syntax unified
  60              		.code	16
  61              		.thumb_func
  63              	app_update:
  64              	.LFB79:
   8:src/app.c     **** 
   9:src/app.c     **** int app_update() {
  65              		.loc 1 9 18 is_stmt 1 view -0
  66              		.cfi_startproc
  67              		@ args = 0, pretend = 0, frame = 0
  68              		@ frame_needed = 0, uses_anonymous_args = 0
  69              		@ link register save eliminated.
  10:src/app.c     **** 
  11:src/app.c     **** }
  70              		.loc 1 11 1 view .LVU6
  71              		@ sp needed
  72 0000 7047     		bx	lr
  73              		.cfi_endproc
  74              	.LFE79:
  76              		.text
ARM GAS  /tmp/ccVTwzCb.s 			page 7


  77              	.Letext0:
  78              		.file 3 "/usr/arm-none-eabi/include/machine/_default_types.h"
  79              		.file 4 "/usr/arm-none-eabi/include/sys/_stdint.h"
  80              		.file 5 "Drivers/CMSIS/Include/core_cm0plus.h"
ARM GAS  /tmp/ccVTwzCb.s 			page 8


DEFINED SYMBOLS
                            *ABS*:00000000 app.c
     /tmp/ccVTwzCb.s:19     .text.app_init:00000000 $t
     /tmp/ccVTwzCb.s:25     .text.app_init:00000000 app_init
     /tmp/ccVTwzCb.s:52     .text.app_init:0000000c $d
     /tmp/ccVTwzCb.s:57     .text.app_update:00000000 $t
     /tmp/ccVTwzCb.s:63     .text.app_update:00000000 app_update

NO UNDEFINED SYMBOLS
