ARM GAS  /tmp/ccB60Qex.s 			page 1


   1              		.cpu cortex-m0plus
   2              		.arch armv6s-m
   3              		.fpu softvfp
   4              		.eabi_attribute 20, 1
   5              		.eabi_attribute 21, 1
   6              		.eabi_attribute 23, 3
   7              		.eabi_attribute 24, 1
   8              		.eabi_attribute 25, 1
   9              		.eabi_attribute 26, 1
  10              		.eabi_attribute 30, 1
  11              		.eabi_attribute 34, 0
  12              		.eabi_attribute 18, 4
  13              		.file	"stm32g0xx_ll_crs.c"
  14              		.text
  15              	.Ltext0:
  16              		.cfi_sections	.debug_frame
  17              		.file 1 "Drivers/STM32G0xx_HAL_Driver/Src/stm32g0xx_ll_crs.c"
  18              		.section	.text.LL_CRS_DeInit,"ax",%progbits
  19              		.align	1
  20              		.global	LL_CRS_DeInit
  21              		.syntax unified
  22              		.code	16
  23              		.thumb_func
  25              	LL_CRS_DeInit:
  26              	.LFB122:
   1:Drivers/STM32G0xx_HAL_Driver/Src/stm32g0xx_ll_crs.c **** /**
   2:Drivers/STM32G0xx_HAL_Driver/Src/stm32g0xx_ll_crs.c ****   ******************************************************************************
   3:Drivers/STM32G0xx_HAL_Driver/Src/stm32g0xx_ll_crs.c ****   * @file    stm32g0xx_ll_crs.c
   4:Drivers/STM32G0xx_HAL_Driver/Src/stm32g0xx_ll_crs.c ****   * @author  MCD Application Team
   5:Drivers/STM32G0xx_HAL_Driver/Src/stm32g0xx_ll_crs.c ****   * @brief   CRS LL module driver.
   6:Drivers/STM32G0xx_HAL_Driver/Src/stm32g0xx_ll_crs.c ****   ******************************************************************************
   7:Drivers/STM32G0xx_HAL_Driver/Src/stm32g0xx_ll_crs.c ****   * @attention
   8:Drivers/STM32G0xx_HAL_Driver/Src/stm32g0xx_ll_crs.c ****   *
   9:Drivers/STM32G0xx_HAL_Driver/Src/stm32g0xx_ll_crs.c ****   * Copyright (c) 2018 STMicroelectronics.
  10:Drivers/STM32G0xx_HAL_Driver/Src/stm32g0xx_ll_crs.c ****   * All rights reserved.
  11:Drivers/STM32G0xx_HAL_Driver/Src/stm32g0xx_ll_crs.c ****   *
  12:Drivers/STM32G0xx_HAL_Driver/Src/stm32g0xx_ll_crs.c ****   * This software is licensed under terms that can be found in the LICENSE file
  13:Drivers/STM32G0xx_HAL_Driver/Src/stm32g0xx_ll_crs.c ****   * in the root directory of this software component.
  14:Drivers/STM32G0xx_HAL_Driver/Src/stm32g0xx_ll_crs.c ****   * If no LICENSE file comes with this software, it is provided AS-IS.
  15:Drivers/STM32G0xx_HAL_Driver/Src/stm32g0xx_ll_crs.c ****   *
  16:Drivers/STM32G0xx_HAL_Driver/Src/stm32g0xx_ll_crs.c ****   ******************************************************************************
  17:Drivers/STM32G0xx_HAL_Driver/Src/stm32g0xx_ll_crs.c ****   */
  18:Drivers/STM32G0xx_HAL_Driver/Src/stm32g0xx_ll_crs.c **** 
  19:Drivers/STM32G0xx_HAL_Driver/Src/stm32g0xx_ll_crs.c **** #if defined(USE_FULL_LL_DRIVER)
  20:Drivers/STM32G0xx_HAL_Driver/Src/stm32g0xx_ll_crs.c **** 
  21:Drivers/STM32G0xx_HAL_Driver/Src/stm32g0xx_ll_crs.c **** /* Includes ------------------------------------------------------------------*/
  22:Drivers/STM32G0xx_HAL_Driver/Src/stm32g0xx_ll_crs.c **** #include "stm32g0xx_ll_crs.h"
  23:Drivers/STM32G0xx_HAL_Driver/Src/stm32g0xx_ll_crs.c **** #include "stm32g0xx_ll_bus.h"
  24:Drivers/STM32G0xx_HAL_Driver/Src/stm32g0xx_ll_crs.c **** 
  25:Drivers/STM32G0xx_HAL_Driver/Src/stm32g0xx_ll_crs.c **** /** @addtogroup STM32G0xx_LL_Driver
  26:Drivers/STM32G0xx_HAL_Driver/Src/stm32g0xx_ll_crs.c ****   * @{
  27:Drivers/STM32G0xx_HAL_Driver/Src/stm32g0xx_ll_crs.c ****   */
  28:Drivers/STM32G0xx_HAL_Driver/Src/stm32g0xx_ll_crs.c **** 
  29:Drivers/STM32G0xx_HAL_Driver/Src/stm32g0xx_ll_crs.c **** #if defined(CRS)
  30:Drivers/STM32G0xx_HAL_Driver/Src/stm32g0xx_ll_crs.c **** 
  31:Drivers/STM32G0xx_HAL_Driver/Src/stm32g0xx_ll_crs.c **** /** @defgroup CRS_LL CRS
  32:Drivers/STM32G0xx_HAL_Driver/Src/stm32g0xx_ll_crs.c ****   * @{
ARM GAS  /tmp/ccB60Qex.s 			page 2


  33:Drivers/STM32G0xx_HAL_Driver/Src/stm32g0xx_ll_crs.c ****   */
  34:Drivers/STM32G0xx_HAL_Driver/Src/stm32g0xx_ll_crs.c **** 
  35:Drivers/STM32G0xx_HAL_Driver/Src/stm32g0xx_ll_crs.c **** /* Private types -------------------------------------------------------------*/
  36:Drivers/STM32G0xx_HAL_Driver/Src/stm32g0xx_ll_crs.c **** /* Private variables ---------------------------------------------------------*/
  37:Drivers/STM32G0xx_HAL_Driver/Src/stm32g0xx_ll_crs.c **** /* Private constants ---------------------------------------------------------*/
  38:Drivers/STM32G0xx_HAL_Driver/Src/stm32g0xx_ll_crs.c **** /* Private macros ------------------------------------------------------------*/
  39:Drivers/STM32G0xx_HAL_Driver/Src/stm32g0xx_ll_crs.c **** /* Private function prototypes -----------------------------------------------*/
  40:Drivers/STM32G0xx_HAL_Driver/Src/stm32g0xx_ll_crs.c **** 
  41:Drivers/STM32G0xx_HAL_Driver/Src/stm32g0xx_ll_crs.c **** /* Exported functions --------------------------------------------------------*/
  42:Drivers/STM32G0xx_HAL_Driver/Src/stm32g0xx_ll_crs.c **** /** @addtogroup CRS_LL_Exported_Functions
  43:Drivers/STM32G0xx_HAL_Driver/Src/stm32g0xx_ll_crs.c ****   * @{
  44:Drivers/STM32G0xx_HAL_Driver/Src/stm32g0xx_ll_crs.c ****   */
  45:Drivers/STM32G0xx_HAL_Driver/Src/stm32g0xx_ll_crs.c **** 
  46:Drivers/STM32G0xx_HAL_Driver/Src/stm32g0xx_ll_crs.c **** /** @addtogroup CRS_LL_EF_Init
  47:Drivers/STM32G0xx_HAL_Driver/Src/stm32g0xx_ll_crs.c ****   * @{
  48:Drivers/STM32G0xx_HAL_Driver/Src/stm32g0xx_ll_crs.c ****   */
  49:Drivers/STM32G0xx_HAL_Driver/Src/stm32g0xx_ll_crs.c **** 
  50:Drivers/STM32G0xx_HAL_Driver/Src/stm32g0xx_ll_crs.c **** /**
  51:Drivers/STM32G0xx_HAL_Driver/Src/stm32g0xx_ll_crs.c ****   * @brief  De-Initializes CRS peripheral registers to their default reset values.
  52:Drivers/STM32G0xx_HAL_Driver/Src/stm32g0xx_ll_crs.c ****   * @retval An ErrorStatus enumeration value:
  53:Drivers/STM32G0xx_HAL_Driver/Src/stm32g0xx_ll_crs.c ****   *          - SUCCESS: CRS registers are de-initialized
  54:Drivers/STM32G0xx_HAL_Driver/Src/stm32g0xx_ll_crs.c ****   *          - ERROR: not applicable
  55:Drivers/STM32G0xx_HAL_Driver/Src/stm32g0xx_ll_crs.c ****   */
  56:Drivers/STM32G0xx_HAL_Driver/Src/stm32g0xx_ll_crs.c **** ErrorStatus LL_CRS_DeInit(void)
  57:Drivers/STM32G0xx_HAL_Driver/Src/stm32g0xx_ll_crs.c **** {
  27              		.loc 1 57 1 view -0
  28              		.cfi_startproc
  29              		@ args = 0, pretend = 0, frame = 0
  30              		@ frame_needed = 0, uses_anonymous_args = 0
  31              		@ link register save eliminated.
  58:Drivers/STM32G0xx_HAL_Driver/Src/stm32g0xx_ll_crs.c ****   LL_APB1_GRP1_ForceReset(LL_APB1_GRP1_PERIPH_CRS);
  32              		.loc 1 58 3 view .LVU1
  33              	.LVL0:
  34              	.LBB6:
  35              	.LBI6:
  36              		.file 2 "Drivers/STM32G0xx_HAL_Driver/Inc/stm32g0xx_ll_bus.h"
   1:Drivers/STM32G0xx_HAL_Driver/Inc/stm32g0xx_ll_bus.h **** /**
   2:Drivers/STM32G0xx_HAL_Driver/Inc/stm32g0xx_ll_bus.h ****   ******************************************************************************
   3:Drivers/STM32G0xx_HAL_Driver/Inc/stm32g0xx_ll_bus.h ****   * @file    stm32g0xx_ll_bus.h
   4:Drivers/STM32G0xx_HAL_Driver/Inc/stm32g0xx_ll_bus.h ****   * @author  MCD Application Team
   5:Drivers/STM32G0xx_HAL_Driver/Inc/stm32g0xx_ll_bus.h ****   * @brief   Header file of BUS LL module.
   6:Drivers/STM32G0xx_HAL_Driver/Inc/stm32g0xx_ll_bus.h **** 
   7:Drivers/STM32G0xx_HAL_Driver/Inc/stm32g0xx_ll_bus.h ****   @verbatim
   8:Drivers/STM32G0xx_HAL_Driver/Inc/stm32g0xx_ll_bus.h ****                       ##### RCC Limitations #####
   9:Drivers/STM32G0xx_HAL_Driver/Inc/stm32g0xx_ll_bus.h ****   ==============================================================================
  10:Drivers/STM32G0xx_HAL_Driver/Inc/stm32g0xx_ll_bus.h ****     [..]
  11:Drivers/STM32G0xx_HAL_Driver/Inc/stm32g0xx_ll_bus.h ****       A delay between an RCC peripheral clock enable and the effective peripheral
  12:Drivers/STM32G0xx_HAL_Driver/Inc/stm32g0xx_ll_bus.h ****       enabling should be taken into account in order to manage the peripheral read/write
  13:Drivers/STM32G0xx_HAL_Driver/Inc/stm32g0xx_ll_bus.h ****       from/to registers.
  14:Drivers/STM32G0xx_HAL_Driver/Inc/stm32g0xx_ll_bus.h ****       (+) This delay depends on the peripheral mapping.
  15:Drivers/STM32G0xx_HAL_Driver/Inc/stm32g0xx_ll_bus.h ****         (++) AHB & APB peripherals, 1 dummy read is necessary
  16:Drivers/STM32G0xx_HAL_Driver/Inc/stm32g0xx_ll_bus.h **** 
  17:Drivers/STM32G0xx_HAL_Driver/Inc/stm32g0xx_ll_bus.h ****     [..]
  18:Drivers/STM32G0xx_HAL_Driver/Inc/stm32g0xx_ll_bus.h ****       Workarounds:
  19:Drivers/STM32G0xx_HAL_Driver/Inc/stm32g0xx_ll_bus.h ****       (#) For AHB & APB peripherals, a dummy read to the peripheral register has been
  20:Drivers/STM32G0xx_HAL_Driver/Inc/stm32g0xx_ll_bus.h ****           inserted in each LL_{BUS}_GRP{x}_EnableClock() function.
  21:Drivers/STM32G0xx_HAL_Driver/Inc/stm32g0xx_ll_bus.h **** 
ARM GAS  /tmp/ccB60Qex.s 			page 3


  22:Drivers/STM32G0xx_HAL_Driver/Inc/stm32g0xx_ll_bus.h ****   @endverbatim
  23:Drivers/STM32G0xx_HAL_Driver/Inc/stm32g0xx_ll_bus.h ****   ******************************************************************************
  24:Drivers/STM32G0xx_HAL_Driver/Inc/stm32g0xx_ll_bus.h ****   * @attention
  25:Drivers/STM32G0xx_HAL_Driver/Inc/stm32g0xx_ll_bus.h ****   *
  26:Drivers/STM32G0xx_HAL_Driver/Inc/stm32g0xx_ll_bus.h ****   * Copyright (c) 2018 STMicroelectronics.
  27:Drivers/STM32G0xx_HAL_Driver/Inc/stm32g0xx_ll_bus.h ****   * All rights reserved.
  28:Drivers/STM32G0xx_HAL_Driver/Inc/stm32g0xx_ll_bus.h ****   *
  29:Drivers/STM32G0xx_HAL_Driver/Inc/stm32g0xx_ll_bus.h ****   * This software is licensed under terms that can be found in the LICENSE file in
  30:Drivers/STM32G0xx_HAL_Driver/Inc/stm32g0xx_ll_bus.h ****   * the root directory of this software component.
  31:Drivers/STM32G0xx_HAL_Driver/Inc/stm32g0xx_ll_bus.h ****   * If no LICENSE file comes with this software, it is provided AS-IS.
  32:Drivers/STM32G0xx_HAL_Driver/Inc/stm32g0xx_ll_bus.h ****   ******************************************************************************
  33:Drivers/STM32G0xx_HAL_Driver/Inc/stm32g0xx_ll_bus.h ****   */
  34:Drivers/STM32G0xx_HAL_Driver/Inc/stm32g0xx_ll_bus.h **** 
  35:Drivers/STM32G0xx_HAL_Driver/Inc/stm32g0xx_ll_bus.h **** /* Define to prevent recursive inclusion -------------------------------------*/
  36:Drivers/STM32G0xx_HAL_Driver/Inc/stm32g0xx_ll_bus.h **** #ifndef STM32G0xx_LL_BUS_H
  37:Drivers/STM32G0xx_HAL_Driver/Inc/stm32g0xx_ll_bus.h **** #define STM32G0xx_LL_BUS_H
  38:Drivers/STM32G0xx_HAL_Driver/Inc/stm32g0xx_ll_bus.h **** 
  39:Drivers/STM32G0xx_HAL_Driver/Inc/stm32g0xx_ll_bus.h **** #ifdef __cplusplus
  40:Drivers/STM32G0xx_HAL_Driver/Inc/stm32g0xx_ll_bus.h **** extern "C" {
  41:Drivers/STM32G0xx_HAL_Driver/Inc/stm32g0xx_ll_bus.h **** #endif
  42:Drivers/STM32G0xx_HAL_Driver/Inc/stm32g0xx_ll_bus.h **** 
  43:Drivers/STM32G0xx_HAL_Driver/Inc/stm32g0xx_ll_bus.h **** /* Includes ------------------------------------------------------------------*/
  44:Drivers/STM32G0xx_HAL_Driver/Inc/stm32g0xx_ll_bus.h **** #include "stm32g0xx.h"
  45:Drivers/STM32G0xx_HAL_Driver/Inc/stm32g0xx_ll_bus.h **** 
  46:Drivers/STM32G0xx_HAL_Driver/Inc/stm32g0xx_ll_bus.h **** /** @addtogroup STM32G0xx_LL_Driver
  47:Drivers/STM32G0xx_HAL_Driver/Inc/stm32g0xx_ll_bus.h ****   * @{
  48:Drivers/STM32G0xx_HAL_Driver/Inc/stm32g0xx_ll_bus.h ****   */
  49:Drivers/STM32G0xx_HAL_Driver/Inc/stm32g0xx_ll_bus.h **** 
  50:Drivers/STM32G0xx_HAL_Driver/Inc/stm32g0xx_ll_bus.h **** #if defined(RCC)
  51:Drivers/STM32G0xx_HAL_Driver/Inc/stm32g0xx_ll_bus.h **** 
  52:Drivers/STM32G0xx_HAL_Driver/Inc/stm32g0xx_ll_bus.h **** /** @defgroup BUS_LL BUS
  53:Drivers/STM32G0xx_HAL_Driver/Inc/stm32g0xx_ll_bus.h ****   * @{
  54:Drivers/STM32G0xx_HAL_Driver/Inc/stm32g0xx_ll_bus.h ****   */
  55:Drivers/STM32G0xx_HAL_Driver/Inc/stm32g0xx_ll_bus.h **** 
  56:Drivers/STM32G0xx_HAL_Driver/Inc/stm32g0xx_ll_bus.h **** /* Private types -------------------------------------------------------------*/
  57:Drivers/STM32G0xx_HAL_Driver/Inc/stm32g0xx_ll_bus.h **** /* Private variables ---------------------------------------------------------*/
  58:Drivers/STM32G0xx_HAL_Driver/Inc/stm32g0xx_ll_bus.h **** 
  59:Drivers/STM32G0xx_HAL_Driver/Inc/stm32g0xx_ll_bus.h **** /* Private constants ---------------------------------------------------------*/
  60:Drivers/STM32G0xx_HAL_Driver/Inc/stm32g0xx_ll_bus.h **** 
  61:Drivers/STM32G0xx_HAL_Driver/Inc/stm32g0xx_ll_bus.h **** /* Private macros ------------------------------------------------------------*/
  62:Drivers/STM32G0xx_HAL_Driver/Inc/stm32g0xx_ll_bus.h **** 
  63:Drivers/STM32G0xx_HAL_Driver/Inc/stm32g0xx_ll_bus.h **** /* Exported types ------------------------------------------------------------*/
  64:Drivers/STM32G0xx_HAL_Driver/Inc/stm32g0xx_ll_bus.h **** /* Exported constants --------------------------------------------------------*/
  65:Drivers/STM32G0xx_HAL_Driver/Inc/stm32g0xx_ll_bus.h **** /** @defgroup BUS_LL_Exported_Constants BUS Exported Constants
  66:Drivers/STM32G0xx_HAL_Driver/Inc/stm32g0xx_ll_bus.h ****   * @{
  67:Drivers/STM32G0xx_HAL_Driver/Inc/stm32g0xx_ll_bus.h ****   */
  68:Drivers/STM32G0xx_HAL_Driver/Inc/stm32g0xx_ll_bus.h **** 
  69:Drivers/STM32G0xx_HAL_Driver/Inc/stm32g0xx_ll_bus.h **** /** @defgroup BUS_LL_EC_AHB1_GRP1_PERIPH  AHB1 GRP1 PERIPH
  70:Drivers/STM32G0xx_HAL_Driver/Inc/stm32g0xx_ll_bus.h ****   * @{
  71:Drivers/STM32G0xx_HAL_Driver/Inc/stm32g0xx_ll_bus.h ****   */
  72:Drivers/STM32G0xx_HAL_Driver/Inc/stm32g0xx_ll_bus.h **** #define LL_AHB1_GRP1_PERIPH_ALL            0xFFFFFFFFU
  73:Drivers/STM32G0xx_HAL_Driver/Inc/stm32g0xx_ll_bus.h **** #define LL_AHB1_GRP1_PERIPH_DMA1           RCC_AHBENR_DMA1EN
  74:Drivers/STM32G0xx_HAL_Driver/Inc/stm32g0xx_ll_bus.h **** #if defined(DMA2)
  75:Drivers/STM32G0xx_HAL_Driver/Inc/stm32g0xx_ll_bus.h **** #define LL_AHB1_GRP1_PERIPH_DMA2           RCC_AHBENR_DMA2EN
  76:Drivers/STM32G0xx_HAL_Driver/Inc/stm32g0xx_ll_bus.h **** #endif /* DMA2 */
  77:Drivers/STM32G0xx_HAL_Driver/Inc/stm32g0xx_ll_bus.h **** #define LL_AHB1_GRP1_PERIPH_FLASH          RCC_AHBENR_FLASHEN
  78:Drivers/STM32G0xx_HAL_Driver/Inc/stm32g0xx_ll_bus.h **** #define LL_AHB1_GRP1_PERIPH_SRAM           RCC_AHBSMENR_SRAMSMEN
ARM GAS  /tmp/ccB60Qex.s 			page 4


  79:Drivers/STM32G0xx_HAL_Driver/Inc/stm32g0xx_ll_bus.h **** #if defined(CRC)
  80:Drivers/STM32G0xx_HAL_Driver/Inc/stm32g0xx_ll_bus.h **** #define LL_AHB1_GRP1_PERIPH_CRC            RCC_AHBENR_CRCEN
  81:Drivers/STM32G0xx_HAL_Driver/Inc/stm32g0xx_ll_bus.h **** #endif /* CRC */
  82:Drivers/STM32G0xx_HAL_Driver/Inc/stm32g0xx_ll_bus.h **** #if defined(AES)
  83:Drivers/STM32G0xx_HAL_Driver/Inc/stm32g0xx_ll_bus.h **** #define LL_AHB1_GRP1_PERIPH_CRYP           RCC_AHBENR_AESEN
  84:Drivers/STM32G0xx_HAL_Driver/Inc/stm32g0xx_ll_bus.h **** #endif /* AES */
  85:Drivers/STM32G0xx_HAL_Driver/Inc/stm32g0xx_ll_bus.h **** #if defined(RNG)
  86:Drivers/STM32G0xx_HAL_Driver/Inc/stm32g0xx_ll_bus.h **** #define LL_AHB1_GRP1_PERIPH_RNG            RCC_AHBENR_RNGEN
  87:Drivers/STM32G0xx_HAL_Driver/Inc/stm32g0xx_ll_bus.h **** #endif /* RNG */
  88:Drivers/STM32G0xx_HAL_Driver/Inc/stm32g0xx_ll_bus.h **** /**
  89:Drivers/STM32G0xx_HAL_Driver/Inc/stm32g0xx_ll_bus.h ****   * @}
  90:Drivers/STM32G0xx_HAL_Driver/Inc/stm32g0xx_ll_bus.h ****   */
  91:Drivers/STM32G0xx_HAL_Driver/Inc/stm32g0xx_ll_bus.h **** 
  92:Drivers/STM32G0xx_HAL_Driver/Inc/stm32g0xx_ll_bus.h **** 
  93:Drivers/STM32G0xx_HAL_Driver/Inc/stm32g0xx_ll_bus.h **** /** @defgroup BUS_LL_EC_APB1_GRP1_PERIPH  APB1 GRP1 PERIPH
  94:Drivers/STM32G0xx_HAL_Driver/Inc/stm32g0xx_ll_bus.h ****   * @{
  95:Drivers/STM32G0xx_HAL_Driver/Inc/stm32g0xx_ll_bus.h ****   */
  96:Drivers/STM32G0xx_HAL_Driver/Inc/stm32g0xx_ll_bus.h **** #define LL_APB1_GRP1_PERIPH_ALL            0xFFFFFFFFU
  97:Drivers/STM32G0xx_HAL_Driver/Inc/stm32g0xx_ll_bus.h **** #if defined(TIM2)
  98:Drivers/STM32G0xx_HAL_Driver/Inc/stm32g0xx_ll_bus.h **** #define LL_APB1_GRP1_PERIPH_TIM2           RCC_APBENR1_TIM2EN
  99:Drivers/STM32G0xx_HAL_Driver/Inc/stm32g0xx_ll_bus.h **** #endif /* TIM2 */
 100:Drivers/STM32G0xx_HAL_Driver/Inc/stm32g0xx_ll_bus.h **** #if defined(TIM3)
 101:Drivers/STM32G0xx_HAL_Driver/Inc/stm32g0xx_ll_bus.h **** #define LL_APB1_GRP1_PERIPH_TIM3           RCC_APBENR1_TIM3EN
 102:Drivers/STM32G0xx_HAL_Driver/Inc/stm32g0xx_ll_bus.h **** #endif /* TIM3 */
 103:Drivers/STM32G0xx_HAL_Driver/Inc/stm32g0xx_ll_bus.h **** #if defined(TIM4)
 104:Drivers/STM32G0xx_HAL_Driver/Inc/stm32g0xx_ll_bus.h **** #define LL_APB1_GRP1_PERIPH_TIM4           RCC_APBENR1_TIM4EN
 105:Drivers/STM32G0xx_HAL_Driver/Inc/stm32g0xx_ll_bus.h **** #endif /* TIM4 */
 106:Drivers/STM32G0xx_HAL_Driver/Inc/stm32g0xx_ll_bus.h **** #if defined(TIM6)
 107:Drivers/STM32G0xx_HAL_Driver/Inc/stm32g0xx_ll_bus.h **** #define LL_APB1_GRP1_PERIPH_TIM6           RCC_APBENR1_TIM6EN
 108:Drivers/STM32G0xx_HAL_Driver/Inc/stm32g0xx_ll_bus.h **** #endif /* TIM6 */
 109:Drivers/STM32G0xx_HAL_Driver/Inc/stm32g0xx_ll_bus.h **** #if defined(TIM7)
 110:Drivers/STM32G0xx_HAL_Driver/Inc/stm32g0xx_ll_bus.h **** #define LL_APB1_GRP1_PERIPH_TIM7           RCC_APBENR1_TIM7EN
 111:Drivers/STM32G0xx_HAL_Driver/Inc/stm32g0xx_ll_bus.h **** #endif /* TIM7 */
 112:Drivers/STM32G0xx_HAL_Driver/Inc/stm32g0xx_ll_bus.h **** #if defined(LPUART2)
 113:Drivers/STM32G0xx_HAL_Driver/Inc/stm32g0xx_ll_bus.h **** #define LL_APB1_GRP1_PERIPH_LPUART2        RCC_APBENR1_LPUART2EN
 114:Drivers/STM32G0xx_HAL_Driver/Inc/stm32g0xx_ll_bus.h **** #endif /* LPUART2 */
 115:Drivers/STM32G0xx_HAL_Driver/Inc/stm32g0xx_ll_bus.h **** #if defined(USART5)
 116:Drivers/STM32G0xx_HAL_Driver/Inc/stm32g0xx_ll_bus.h **** #define LL_APB1_GRP1_PERIPH_USART5         RCC_APBENR1_USART5EN
 117:Drivers/STM32G0xx_HAL_Driver/Inc/stm32g0xx_ll_bus.h **** #endif /* USART5 */
 118:Drivers/STM32G0xx_HAL_Driver/Inc/stm32g0xx_ll_bus.h **** #if defined(USART6)
 119:Drivers/STM32G0xx_HAL_Driver/Inc/stm32g0xx_ll_bus.h **** #define LL_APB1_GRP1_PERIPH_USART6         RCC_APBENR1_USART6EN
 120:Drivers/STM32G0xx_HAL_Driver/Inc/stm32g0xx_ll_bus.h **** #endif /* USART6 */
 121:Drivers/STM32G0xx_HAL_Driver/Inc/stm32g0xx_ll_bus.h **** #define LL_APB1_GRP1_PERIPH_RTC            RCC_APBENR1_RTCAPBEN
 122:Drivers/STM32G0xx_HAL_Driver/Inc/stm32g0xx_ll_bus.h **** #define LL_APB1_GRP1_PERIPH_WWDG           RCC_APBENR1_WWDGEN
 123:Drivers/STM32G0xx_HAL_Driver/Inc/stm32g0xx_ll_bus.h **** #if defined(FDCAN1) || defined(FDCAN2)
 124:Drivers/STM32G0xx_HAL_Driver/Inc/stm32g0xx_ll_bus.h **** #define LL_APB1_GRP1_PERIPH_FDCAN          RCC_APBENR1_FDCANEN
 125:Drivers/STM32G0xx_HAL_Driver/Inc/stm32g0xx_ll_bus.h **** #endif /* FDCAN1 */
 126:Drivers/STM32G0xx_HAL_Driver/Inc/stm32g0xx_ll_bus.h **** #if defined(USB_DRD_FS)
 127:Drivers/STM32G0xx_HAL_Driver/Inc/stm32g0xx_ll_bus.h **** #define LL_APB1_GRP1_PERIPH_USB            RCC_APBENR1_USBEN
 128:Drivers/STM32G0xx_HAL_Driver/Inc/stm32g0xx_ll_bus.h **** #endif /* USB_DRD_FS */
 129:Drivers/STM32G0xx_HAL_Driver/Inc/stm32g0xx_ll_bus.h **** #define LL_APB1_GRP1_PERIPH_SPI2           RCC_APBENR1_SPI2EN
 130:Drivers/STM32G0xx_HAL_Driver/Inc/stm32g0xx_ll_bus.h **** #if defined(SPI3)
 131:Drivers/STM32G0xx_HAL_Driver/Inc/stm32g0xx_ll_bus.h **** #define LL_APB1_GRP1_PERIPH_SPI3           RCC_APBENR1_SPI3EN
 132:Drivers/STM32G0xx_HAL_Driver/Inc/stm32g0xx_ll_bus.h **** #endif /* SPI3 */
 133:Drivers/STM32G0xx_HAL_Driver/Inc/stm32g0xx_ll_bus.h **** #if defined(CRS)
 134:Drivers/STM32G0xx_HAL_Driver/Inc/stm32g0xx_ll_bus.h **** #define LL_APB1_GRP1_PERIPH_CRS            RCC_APBENR1_CRSEN
 135:Drivers/STM32G0xx_HAL_Driver/Inc/stm32g0xx_ll_bus.h **** #endif /* CRS */
ARM GAS  /tmp/ccB60Qex.s 			page 5


 136:Drivers/STM32G0xx_HAL_Driver/Inc/stm32g0xx_ll_bus.h **** #define LL_APB1_GRP1_PERIPH_USART2         RCC_APBENR1_USART2EN
 137:Drivers/STM32G0xx_HAL_Driver/Inc/stm32g0xx_ll_bus.h **** #if defined(USART3)
 138:Drivers/STM32G0xx_HAL_Driver/Inc/stm32g0xx_ll_bus.h **** #define LL_APB1_GRP1_PERIPH_USART3         RCC_APBENR1_USART3EN
 139:Drivers/STM32G0xx_HAL_Driver/Inc/stm32g0xx_ll_bus.h **** #endif /* USART3 */
 140:Drivers/STM32G0xx_HAL_Driver/Inc/stm32g0xx_ll_bus.h **** #if defined(USART4)
 141:Drivers/STM32G0xx_HAL_Driver/Inc/stm32g0xx_ll_bus.h **** #define LL_APB1_GRP1_PERIPH_USART4         RCC_APBENR1_USART4EN
 142:Drivers/STM32G0xx_HAL_Driver/Inc/stm32g0xx_ll_bus.h **** #endif /* USART4 */
 143:Drivers/STM32G0xx_HAL_Driver/Inc/stm32g0xx_ll_bus.h **** #if defined(LPUART1)
 144:Drivers/STM32G0xx_HAL_Driver/Inc/stm32g0xx_ll_bus.h **** #define LL_APB1_GRP1_PERIPH_LPUART1        RCC_APBENR1_LPUART1EN
 145:Drivers/STM32G0xx_HAL_Driver/Inc/stm32g0xx_ll_bus.h **** #endif /* LPUART1 */
 146:Drivers/STM32G0xx_HAL_Driver/Inc/stm32g0xx_ll_bus.h **** #define LL_APB1_GRP1_PERIPH_I2C1           RCC_APBENR1_I2C1EN
 147:Drivers/STM32G0xx_HAL_Driver/Inc/stm32g0xx_ll_bus.h **** #define LL_APB1_GRP1_PERIPH_I2C2           RCC_APBENR1_I2C2EN
 148:Drivers/STM32G0xx_HAL_Driver/Inc/stm32g0xx_ll_bus.h **** #if defined(I2C3)
 149:Drivers/STM32G0xx_HAL_Driver/Inc/stm32g0xx_ll_bus.h **** #define LL_APB1_GRP1_PERIPH_I2C3           RCC_APBENR1_I2C3EN
 150:Drivers/STM32G0xx_HAL_Driver/Inc/stm32g0xx_ll_bus.h **** #endif /* I2C3 */
 151:Drivers/STM32G0xx_HAL_Driver/Inc/stm32g0xx_ll_bus.h **** #if defined(CEC)
 152:Drivers/STM32G0xx_HAL_Driver/Inc/stm32g0xx_ll_bus.h **** #define LL_APB1_GRP1_PERIPH_CEC            RCC_APBENR1_CECEN
 153:Drivers/STM32G0xx_HAL_Driver/Inc/stm32g0xx_ll_bus.h **** #endif /* CEC */
 154:Drivers/STM32G0xx_HAL_Driver/Inc/stm32g0xx_ll_bus.h **** #if defined(UCPD1)
 155:Drivers/STM32G0xx_HAL_Driver/Inc/stm32g0xx_ll_bus.h **** #define LL_APB1_GRP1_PERIPH_UCPD1          RCC_APBENR1_UCPD1EN
 156:Drivers/STM32G0xx_HAL_Driver/Inc/stm32g0xx_ll_bus.h **** #endif /* UCPD1 */
 157:Drivers/STM32G0xx_HAL_Driver/Inc/stm32g0xx_ll_bus.h **** #if defined(UCPD2)
 158:Drivers/STM32G0xx_HAL_Driver/Inc/stm32g0xx_ll_bus.h **** #define LL_APB1_GRP1_PERIPH_UCPD2          RCC_APBENR1_UCPD2EN
 159:Drivers/STM32G0xx_HAL_Driver/Inc/stm32g0xx_ll_bus.h **** #endif /* UCPD2 */
 160:Drivers/STM32G0xx_HAL_Driver/Inc/stm32g0xx_ll_bus.h **** #define LL_APB1_GRP1_PERIPH_DBGMCU         RCC_APBENR1_DBGEN
 161:Drivers/STM32G0xx_HAL_Driver/Inc/stm32g0xx_ll_bus.h **** #define LL_APB1_GRP1_PERIPH_PWR            RCC_APBENR1_PWREN
 162:Drivers/STM32G0xx_HAL_Driver/Inc/stm32g0xx_ll_bus.h **** #if defined(DAC1)
 163:Drivers/STM32G0xx_HAL_Driver/Inc/stm32g0xx_ll_bus.h **** #define LL_APB1_GRP1_PERIPH_DAC1           RCC_APBENR1_DAC1EN
 164:Drivers/STM32G0xx_HAL_Driver/Inc/stm32g0xx_ll_bus.h **** #endif /* DAC1 */
 165:Drivers/STM32G0xx_HAL_Driver/Inc/stm32g0xx_ll_bus.h **** #if defined(LPTIM2)
 166:Drivers/STM32G0xx_HAL_Driver/Inc/stm32g0xx_ll_bus.h **** #define LL_APB1_GRP1_PERIPH_LPTIM2         RCC_APBENR1_LPTIM2EN
 167:Drivers/STM32G0xx_HAL_Driver/Inc/stm32g0xx_ll_bus.h **** #endif /* LPTIM2 */
 168:Drivers/STM32G0xx_HAL_Driver/Inc/stm32g0xx_ll_bus.h **** #if defined(LPTIM1)
 169:Drivers/STM32G0xx_HAL_Driver/Inc/stm32g0xx_ll_bus.h **** #define LL_APB1_GRP1_PERIPH_LPTIM1         RCC_APBENR1_LPTIM1EN
 170:Drivers/STM32G0xx_HAL_Driver/Inc/stm32g0xx_ll_bus.h **** #endif /* LPTIM1 */
 171:Drivers/STM32G0xx_HAL_Driver/Inc/stm32g0xx_ll_bus.h **** /**
 172:Drivers/STM32G0xx_HAL_Driver/Inc/stm32g0xx_ll_bus.h ****   * @}
 173:Drivers/STM32G0xx_HAL_Driver/Inc/stm32g0xx_ll_bus.h ****   */
 174:Drivers/STM32G0xx_HAL_Driver/Inc/stm32g0xx_ll_bus.h **** 
 175:Drivers/STM32G0xx_HAL_Driver/Inc/stm32g0xx_ll_bus.h **** /** @defgroup BUS_LL_EC_APB2_GRP1_PERIPH  APB2 GRP1 PERIPH
 176:Drivers/STM32G0xx_HAL_Driver/Inc/stm32g0xx_ll_bus.h ****   * @{
 177:Drivers/STM32G0xx_HAL_Driver/Inc/stm32g0xx_ll_bus.h ****   */
 178:Drivers/STM32G0xx_HAL_Driver/Inc/stm32g0xx_ll_bus.h **** #define LL_APB2_GRP1_PERIPH_ALL            0xFFFFFFFFU
 179:Drivers/STM32G0xx_HAL_Driver/Inc/stm32g0xx_ll_bus.h **** #define LL_APB2_GRP1_PERIPH_SYSCFG         RCC_APBENR2_SYSCFGEN
 180:Drivers/STM32G0xx_HAL_Driver/Inc/stm32g0xx_ll_bus.h **** #define LL_APB2_GRP1_PERIPH_TIM1           RCC_APBENR2_TIM1EN
 181:Drivers/STM32G0xx_HAL_Driver/Inc/stm32g0xx_ll_bus.h **** #define LL_APB2_GRP1_PERIPH_SPI1           RCC_APBENR2_SPI1EN
 182:Drivers/STM32G0xx_HAL_Driver/Inc/stm32g0xx_ll_bus.h **** #define LL_APB2_GRP1_PERIPH_USART1         RCC_APBENR2_USART1EN
 183:Drivers/STM32G0xx_HAL_Driver/Inc/stm32g0xx_ll_bus.h **** #if defined(TIM14)
 184:Drivers/STM32G0xx_HAL_Driver/Inc/stm32g0xx_ll_bus.h **** #define LL_APB2_GRP1_PERIPH_TIM14          RCC_APBENR2_TIM14EN
 185:Drivers/STM32G0xx_HAL_Driver/Inc/stm32g0xx_ll_bus.h **** #endif /* TIM14 */
 186:Drivers/STM32G0xx_HAL_Driver/Inc/stm32g0xx_ll_bus.h **** #if defined(TIM15)
 187:Drivers/STM32G0xx_HAL_Driver/Inc/stm32g0xx_ll_bus.h **** #define LL_APB2_GRP1_PERIPH_TIM15          RCC_APBENR2_TIM15EN
 188:Drivers/STM32G0xx_HAL_Driver/Inc/stm32g0xx_ll_bus.h **** #endif /* TIM15 */
 189:Drivers/STM32G0xx_HAL_Driver/Inc/stm32g0xx_ll_bus.h **** #if defined(TIM16)
 190:Drivers/STM32G0xx_HAL_Driver/Inc/stm32g0xx_ll_bus.h **** #define LL_APB2_GRP1_PERIPH_TIM16          RCC_APBENR2_TIM16EN
 191:Drivers/STM32G0xx_HAL_Driver/Inc/stm32g0xx_ll_bus.h **** #endif /* TIM16 */
 192:Drivers/STM32G0xx_HAL_Driver/Inc/stm32g0xx_ll_bus.h **** #if defined(TIM17)
ARM GAS  /tmp/ccB60Qex.s 			page 6


 193:Drivers/STM32G0xx_HAL_Driver/Inc/stm32g0xx_ll_bus.h **** #define LL_APB2_GRP1_PERIPH_TIM17          RCC_APBENR2_TIM17EN
 194:Drivers/STM32G0xx_HAL_Driver/Inc/stm32g0xx_ll_bus.h **** #endif /* TIM17 */
 195:Drivers/STM32G0xx_HAL_Driver/Inc/stm32g0xx_ll_bus.h **** #if defined(ADC)
 196:Drivers/STM32G0xx_HAL_Driver/Inc/stm32g0xx_ll_bus.h **** #define LL_APB2_GRP1_PERIPH_ADC            RCC_APBENR2_ADCEN
 197:Drivers/STM32G0xx_HAL_Driver/Inc/stm32g0xx_ll_bus.h **** #endif /* ADC */
 198:Drivers/STM32G0xx_HAL_Driver/Inc/stm32g0xx_ll_bus.h **** /**
 199:Drivers/STM32G0xx_HAL_Driver/Inc/stm32g0xx_ll_bus.h ****   * @}
 200:Drivers/STM32G0xx_HAL_Driver/Inc/stm32g0xx_ll_bus.h ****   */
 201:Drivers/STM32G0xx_HAL_Driver/Inc/stm32g0xx_ll_bus.h **** 
 202:Drivers/STM32G0xx_HAL_Driver/Inc/stm32g0xx_ll_bus.h **** /** @defgroup BUS_LL_EC_IOP_GRP1_PERIPH  IOP GRP1 PERIPH
 203:Drivers/STM32G0xx_HAL_Driver/Inc/stm32g0xx_ll_bus.h ****   * @{
 204:Drivers/STM32G0xx_HAL_Driver/Inc/stm32g0xx_ll_bus.h ****   */
 205:Drivers/STM32G0xx_HAL_Driver/Inc/stm32g0xx_ll_bus.h **** #define LL_IOP_GRP1_PERIPH_ALL             0xFFFFFFFFU
 206:Drivers/STM32G0xx_HAL_Driver/Inc/stm32g0xx_ll_bus.h **** #define LL_IOP_GRP1_PERIPH_GPIOA           RCC_IOPENR_GPIOAEN
 207:Drivers/STM32G0xx_HAL_Driver/Inc/stm32g0xx_ll_bus.h **** #define LL_IOP_GRP1_PERIPH_GPIOB           RCC_IOPENR_GPIOBEN
 208:Drivers/STM32G0xx_HAL_Driver/Inc/stm32g0xx_ll_bus.h **** #define LL_IOP_GRP1_PERIPH_GPIOC           RCC_IOPENR_GPIOCEN
 209:Drivers/STM32G0xx_HAL_Driver/Inc/stm32g0xx_ll_bus.h **** #define LL_IOP_GRP1_PERIPH_GPIOD           RCC_IOPENR_GPIODEN
 210:Drivers/STM32G0xx_HAL_Driver/Inc/stm32g0xx_ll_bus.h **** #if defined(GPIOE)
 211:Drivers/STM32G0xx_HAL_Driver/Inc/stm32g0xx_ll_bus.h **** #define LL_IOP_GRP1_PERIPH_GPIOE           RCC_IOPENR_GPIOEEN
 212:Drivers/STM32G0xx_HAL_Driver/Inc/stm32g0xx_ll_bus.h **** #endif /* GPIOE */
 213:Drivers/STM32G0xx_HAL_Driver/Inc/stm32g0xx_ll_bus.h **** #if defined(GPIOF)
 214:Drivers/STM32G0xx_HAL_Driver/Inc/stm32g0xx_ll_bus.h **** #define LL_IOP_GRP1_PERIPH_GPIOF           RCC_IOPENR_GPIOFEN
 215:Drivers/STM32G0xx_HAL_Driver/Inc/stm32g0xx_ll_bus.h **** #endif /* GPIOF */
 216:Drivers/STM32G0xx_HAL_Driver/Inc/stm32g0xx_ll_bus.h **** /**
 217:Drivers/STM32G0xx_HAL_Driver/Inc/stm32g0xx_ll_bus.h ****   * @}
 218:Drivers/STM32G0xx_HAL_Driver/Inc/stm32g0xx_ll_bus.h ****   */
 219:Drivers/STM32G0xx_HAL_Driver/Inc/stm32g0xx_ll_bus.h **** 
 220:Drivers/STM32G0xx_HAL_Driver/Inc/stm32g0xx_ll_bus.h **** /**
 221:Drivers/STM32G0xx_HAL_Driver/Inc/stm32g0xx_ll_bus.h ****   * @}
 222:Drivers/STM32G0xx_HAL_Driver/Inc/stm32g0xx_ll_bus.h ****   */
 223:Drivers/STM32G0xx_HAL_Driver/Inc/stm32g0xx_ll_bus.h **** 
 224:Drivers/STM32G0xx_HAL_Driver/Inc/stm32g0xx_ll_bus.h **** /* Exported macro ------------------------------------------------------------*/
 225:Drivers/STM32G0xx_HAL_Driver/Inc/stm32g0xx_ll_bus.h **** /* Exported functions --------------------------------------------------------*/
 226:Drivers/STM32G0xx_HAL_Driver/Inc/stm32g0xx_ll_bus.h **** /** @defgroup BUS_LL_Exported_Functions BUS Exported Functions
 227:Drivers/STM32G0xx_HAL_Driver/Inc/stm32g0xx_ll_bus.h ****   * @{
 228:Drivers/STM32G0xx_HAL_Driver/Inc/stm32g0xx_ll_bus.h ****   */
 229:Drivers/STM32G0xx_HAL_Driver/Inc/stm32g0xx_ll_bus.h **** 
 230:Drivers/STM32G0xx_HAL_Driver/Inc/stm32g0xx_ll_bus.h **** /** @defgroup BUS_LL_EF_AHB1 AHB1
 231:Drivers/STM32G0xx_HAL_Driver/Inc/stm32g0xx_ll_bus.h ****   * @{
 232:Drivers/STM32G0xx_HAL_Driver/Inc/stm32g0xx_ll_bus.h ****   */
 233:Drivers/STM32G0xx_HAL_Driver/Inc/stm32g0xx_ll_bus.h **** 
 234:Drivers/STM32G0xx_HAL_Driver/Inc/stm32g0xx_ll_bus.h **** /**
 235:Drivers/STM32G0xx_HAL_Driver/Inc/stm32g0xx_ll_bus.h ****   * @brief  Enable AHB1 peripherals clock.
 236:Drivers/STM32G0xx_HAL_Driver/Inc/stm32g0xx_ll_bus.h ****   * @rmtoll AHBENR       DMA1EN        LL_AHB1_GRP1_EnableClock\n
 237:Drivers/STM32G0xx_HAL_Driver/Inc/stm32g0xx_ll_bus.h ****   *         AHBENR       FLASHEN       LL_AHB1_GRP1_EnableClock\n
 238:Drivers/STM32G0xx_HAL_Driver/Inc/stm32g0xx_ll_bus.h ****   *         AHBENR       CRCEN         LL_AHB1_GRP1_EnableClock\n
 239:Drivers/STM32G0xx_HAL_Driver/Inc/stm32g0xx_ll_bus.h ****   *         AHBENR       AESEN         LL_AHB1_GRP1_EnableClock\n
 240:Drivers/STM32G0xx_HAL_Driver/Inc/stm32g0xx_ll_bus.h ****   *         AHBENR       RNGEN         LL_AHB1_GRP1_EnableClock
 241:Drivers/STM32G0xx_HAL_Driver/Inc/stm32g0xx_ll_bus.h ****   * @param  Periphs This parameter can be a combination of the following values:
 242:Drivers/STM32G0xx_HAL_Driver/Inc/stm32g0xx_ll_bus.h ****   *         @arg @ref LL_AHB1_GRP1_PERIPH_DMA1
 243:Drivers/STM32G0xx_HAL_Driver/Inc/stm32g0xx_ll_bus.h ****   *         @arg @ref LL_AHB1_GRP1_PERIPH_FLASH
 244:Drivers/STM32G0xx_HAL_Driver/Inc/stm32g0xx_ll_bus.h ****   *         @arg @ref LL_AHB1_GRP1_PERIPH_CRC
 245:Drivers/STM32G0xx_HAL_Driver/Inc/stm32g0xx_ll_bus.h ****   *         @arg @ref LL_AHB1_GRP1_PERIPH_CRYP (*)
 246:Drivers/STM32G0xx_HAL_Driver/Inc/stm32g0xx_ll_bus.h ****   *         @arg @ref LL_AHB1_GRP1_PERIPH_RNG  (*)
 247:Drivers/STM32G0xx_HAL_Driver/Inc/stm32g0xx_ll_bus.h ****   * @note   (*) RNG & CRYP Peripherals available only on STM32G081xx
 248:Drivers/STM32G0xx_HAL_Driver/Inc/stm32g0xx_ll_bus.h ****   * @retval None
 249:Drivers/STM32G0xx_HAL_Driver/Inc/stm32g0xx_ll_bus.h ****   */
ARM GAS  /tmp/ccB60Qex.s 			page 7


 250:Drivers/STM32G0xx_HAL_Driver/Inc/stm32g0xx_ll_bus.h **** __STATIC_INLINE void LL_AHB1_GRP1_EnableClock(uint32_t Periphs)
 251:Drivers/STM32G0xx_HAL_Driver/Inc/stm32g0xx_ll_bus.h **** {
 252:Drivers/STM32G0xx_HAL_Driver/Inc/stm32g0xx_ll_bus.h ****   __IO uint32_t tmpreg;
 253:Drivers/STM32G0xx_HAL_Driver/Inc/stm32g0xx_ll_bus.h ****   SET_BIT(RCC->AHBENR, Periphs);
 254:Drivers/STM32G0xx_HAL_Driver/Inc/stm32g0xx_ll_bus.h ****   /* Delay after an RCC peripheral clock enabling */
 255:Drivers/STM32G0xx_HAL_Driver/Inc/stm32g0xx_ll_bus.h ****   tmpreg = READ_BIT(RCC->AHBENR, Periphs);
 256:Drivers/STM32G0xx_HAL_Driver/Inc/stm32g0xx_ll_bus.h ****   (void)tmpreg;
 257:Drivers/STM32G0xx_HAL_Driver/Inc/stm32g0xx_ll_bus.h **** }
 258:Drivers/STM32G0xx_HAL_Driver/Inc/stm32g0xx_ll_bus.h **** 
 259:Drivers/STM32G0xx_HAL_Driver/Inc/stm32g0xx_ll_bus.h **** /**
 260:Drivers/STM32G0xx_HAL_Driver/Inc/stm32g0xx_ll_bus.h ****   * @brief  Check if AHB1 peripheral clock is enabled or not
 261:Drivers/STM32G0xx_HAL_Driver/Inc/stm32g0xx_ll_bus.h ****   * @rmtoll AHBENR       DMA1EN        LL_AHB1_GRP1_IsEnabledClock\n
 262:Drivers/STM32G0xx_HAL_Driver/Inc/stm32g0xx_ll_bus.h ****   *         AHBENR       FLASHEN       LL_AHB1_GRP1_IsEnabledClock\n
 263:Drivers/STM32G0xx_HAL_Driver/Inc/stm32g0xx_ll_bus.h ****   *         AHBENR       CRCEN         LL_AHB1_GRP1_IsEnabledClock\n
 264:Drivers/STM32G0xx_HAL_Driver/Inc/stm32g0xx_ll_bus.h ****   *         AHBENR       AESEN         LL_AHB1_GRP1_IsEnabledClock\n
 265:Drivers/STM32G0xx_HAL_Driver/Inc/stm32g0xx_ll_bus.h ****   *         AHBENR       RNGEN         LL_AHB1_GRP1_IsEnabledClock
 266:Drivers/STM32G0xx_HAL_Driver/Inc/stm32g0xx_ll_bus.h ****   * @param  Periphs This parameter can be a combination of the following values:
 267:Drivers/STM32G0xx_HAL_Driver/Inc/stm32g0xx_ll_bus.h ****   *         @arg @ref LL_AHB1_GRP1_PERIPH_DMA1
 268:Drivers/STM32G0xx_HAL_Driver/Inc/stm32g0xx_ll_bus.h ****   *         @arg @ref LL_AHB1_GRP1_PERIPH_FLASH
 269:Drivers/STM32G0xx_HAL_Driver/Inc/stm32g0xx_ll_bus.h ****   *         @arg @ref LL_AHB1_GRP1_PERIPH_CRC
 270:Drivers/STM32G0xx_HAL_Driver/Inc/stm32g0xx_ll_bus.h ****   *         @arg @ref LL_AHB1_GRP1_PERIPH_CRYP (*)
 271:Drivers/STM32G0xx_HAL_Driver/Inc/stm32g0xx_ll_bus.h ****   *         @arg @ref LL_AHB1_GRP1_PERIPH_RNG  (*)
 272:Drivers/STM32G0xx_HAL_Driver/Inc/stm32g0xx_ll_bus.h ****   * @note   (*) RNG & CRYP Peripherals available only on STM32G081xx
 273:Drivers/STM32G0xx_HAL_Driver/Inc/stm32g0xx_ll_bus.h ****   * @retval State of Periphs (1 or 0).
 274:Drivers/STM32G0xx_HAL_Driver/Inc/stm32g0xx_ll_bus.h ****   */
 275:Drivers/STM32G0xx_HAL_Driver/Inc/stm32g0xx_ll_bus.h **** __STATIC_INLINE uint32_t LL_AHB1_GRP1_IsEnabledClock(uint32_t Periphs)
 276:Drivers/STM32G0xx_HAL_Driver/Inc/stm32g0xx_ll_bus.h **** {
 277:Drivers/STM32G0xx_HAL_Driver/Inc/stm32g0xx_ll_bus.h ****   return ((READ_BIT(RCC->AHBENR, Periphs) == Periphs) ? 1UL : 0UL);
 278:Drivers/STM32G0xx_HAL_Driver/Inc/stm32g0xx_ll_bus.h **** }
 279:Drivers/STM32G0xx_HAL_Driver/Inc/stm32g0xx_ll_bus.h **** 
 280:Drivers/STM32G0xx_HAL_Driver/Inc/stm32g0xx_ll_bus.h **** /**
 281:Drivers/STM32G0xx_HAL_Driver/Inc/stm32g0xx_ll_bus.h ****   * @brief  Disable AHB1 peripherals clock.
 282:Drivers/STM32G0xx_HAL_Driver/Inc/stm32g0xx_ll_bus.h ****   * @rmtoll AHBENR       DMA1EN        LL_AHB1_GRP1_DisableClock\n
 283:Drivers/STM32G0xx_HAL_Driver/Inc/stm32g0xx_ll_bus.h ****   *         AHBENR       FLASHEN       LL_AHB1_GRP1_DisableClock\n
 284:Drivers/STM32G0xx_HAL_Driver/Inc/stm32g0xx_ll_bus.h ****   *         AHBENR       CRCEN         LL_AHB1_GRP1_DisableClock\n
 285:Drivers/STM32G0xx_HAL_Driver/Inc/stm32g0xx_ll_bus.h ****   *         AHBENR       AESEN         LL_AHB1_GRP1_DisableClock\n
 286:Drivers/STM32G0xx_HAL_Driver/Inc/stm32g0xx_ll_bus.h ****   *         AHBENR       RNGEN         LL_AHB1_GRP1_DisableClock
 287:Drivers/STM32G0xx_HAL_Driver/Inc/stm32g0xx_ll_bus.h ****   * @param  Periphs This parameter can be a combination of the following values:
 288:Drivers/STM32G0xx_HAL_Driver/Inc/stm32g0xx_ll_bus.h ****   *         @arg @ref LL_AHB1_GRP1_PERIPH_DMA1
 289:Drivers/STM32G0xx_HAL_Driver/Inc/stm32g0xx_ll_bus.h ****   *         @arg @ref LL_AHB1_GRP1_PERIPH_FLASH
 290:Drivers/STM32G0xx_HAL_Driver/Inc/stm32g0xx_ll_bus.h ****   *         @arg @ref LL_AHB1_GRP1_PERIPH_CRC
 291:Drivers/STM32G0xx_HAL_Driver/Inc/stm32g0xx_ll_bus.h ****   *         @arg @ref LL_AHB1_GRP1_PERIPH_CRYP (*)
 292:Drivers/STM32G0xx_HAL_Driver/Inc/stm32g0xx_ll_bus.h ****   *         @arg @ref LL_AHB1_GRP1_PERIPH_RNG  (*)
 293:Drivers/STM32G0xx_HAL_Driver/Inc/stm32g0xx_ll_bus.h ****   * @note   (*) RNG & CRYP Peripherals available only on STM32G081xx
 294:Drivers/STM32G0xx_HAL_Driver/Inc/stm32g0xx_ll_bus.h ****   * @retval None
 295:Drivers/STM32G0xx_HAL_Driver/Inc/stm32g0xx_ll_bus.h ****   */
 296:Drivers/STM32G0xx_HAL_Driver/Inc/stm32g0xx_ll_bus.h **** __STATIC_INLINE void LL_AHB1_GRP1_DisableClock(uint32_t Periphs)
 297:Drivers/STM32G0xx_HAL_Driver/Inc/stm32g0xx_ll_bus.h **** {
 298:Drivers/STM32G0xx_HAL_Driver/Inc/stm32g0xx_ll_bus.h ****   CLEAR_BIT(RCC->AHBENR, Periphs);
 299:Drivers/STM32G0xx_HAL_Driver/Inc/stm32g0xx_ll_bus.h **** }
 300:Drivers/STM32G0xx_HAL_Driver/Inc/stm32g0xx_ll_bus.h **** 
 301:Drivers/STM32G0xx_HAL_Driver/Inc/stm32g0xx_ll_bus.h **** /**
 302:Drivers/STM32G0xx_HAL_Driver/Inc/stm32g0xx_ll_bus.h ****   * @brief  Force AHB1 peripherals reset.
 303:Drivers/STM32G0xx_HAL_Driver/Inc/stm32g0xx_ll_bus.h ****   * @rmtoll AHBRSTR      DMA1RST       LL_AHB1_GRP1_ForceReset\n
 304:Drivers/STM32G0xx_HAL_Driver/Inc/stm32g0xx_ll_bus.h ****   *         AHBRSTR      FLASHRST      LL_AHB1_GRP1_ForceReset\n
 305:Drivers/STM32G0xx_HAL_Driver/Inc/stm32g0xx_ll_bus.h ****   *         AHBRSTR      CRCRST        LL_AHB1_GRP1_ForceReset\n
 306:Drivers/STM32G0xx_HAL_Driver/Inc/stm32g0xx_ll_bus.h ****   *         AHBRSTR      AESRST        LL_AHB1_GRP1_ForceReset\n
ARM GAS  /tmp/ccB60Qex.s 			page 8


 307:Drivers/STM32G0xx_HAL_Driver/Inc/stm32g0xx_ll_bus.h ****   *         AHBRSTR      RNGRST        LL_AHB1_GRP1_ForceReset
 308:Drivers/STM32G0xx_HAL_Driver/Inc/stm32g0xx_ll_bus.h ****   * @param  Periphs This parameter can be a combination of the following values:
 309:Drivers/STM32G0xx_HAL_Driver/Inc/stm32g0xx_ll_bus.h ****   *         @arg @ref LL_AHB1_GRP1_PERIPH_ALL
 310:Drivers/STM32G0xx_HAL_Driver/Inc/stm32g0xx_ll_bus.h ****   *         @arg @ref LL_AHB1_GRP1_PERIPH_DMA1
 311:Drivers/STM32G0xx_HAL_Driver/Inc/stm32g0xx_ll_bus.h ****   *         @arg @ref LL_AHB1_GRP1_PERIPH_FLASH
 312:Drivers/STM32G0xx_HAL_Driver/Inc/stm32g0xx_ll_bus.h ****   *         @arg @ref LL_AHB1_GRP1_PERIPH_CRC
 313:Drivers/STM32G0xx_HAL_Driver/Inc/stm32g0xx_ll_bus.h ****   *         @arg @ref LL_AHB1_GRP1_PERIPH_CRYP (*)
 314:Drivers/STM32G0xx_HAL_Driver/Inc/stm32g0xx_ll_bus.h ****   *         @arg @ref LL_AHB1_GRP1_PERIPH_RNG  (*)
 315:Drivers/STM32G0xx_HAL_Driver/Inc/stm32g0xx_ll_bus.h ****   * @note   (*) RNG & CRYP Peripherals available only on STM32G081xx
 316:Drivers/STM32G0xx_HAL_Driver/Inc/stm32g0xx_ll_bus.h ****   * @retval None
 317:Drivers/STM32G0xx_HAL_Driver/Inc/stm32g0xx_ll_bus.h ****   */
 318:Drivers/STM32G0xx_HAL_Driver/Inc/stm32g0xx_ll_bus.h **** __STATIC_INLINE void LL_AHB1_GRP1_ForceReset(uint32_t Periphs)
 319:Drivers/STM32G0xx_HAL_Driver/Inc/stm32g0xx_ll_bus.h **** {
 320:Drivers/STM32G0xx_HAL_Driver/Inc/stm32g0xx_ll_bus.h ****   SET_BIT(RCC->AHBRSTR, Periphs);
 321:Drivers/STM32G0xx_HAL_Driver/Inc/stm32g0xx_ll_bus.h **** }
 322:Drivers/STM32G0xx_HAL_Driver/Inc/stm32g0xx_ll_bus.h **** 
 323:Drivers/STM32G0xx_HAL_Driver/Inc/stm32g0xx_ll_bus.h **** /**
 324:Drivers/STM32G0xx_HAL_Driver/Inc/stm32g0xx_ll_bus.h ****   * @brief  Release AHB1 peripherals reset.
 325:Drivers/STM32G0xx_HAL_Driver/Inc/stm32g0xx_ll_bus.h ****   * @rmtoll AHBRSTR      DMA1RST       LL_AHB1_GRP1_ReleaseReset\n
 326:Drivers/STM32G0xx_HAL_Driver/Inc/stm32g0xx_ll_bus.h ****   *         AHBRSTR      FLASHRST      LL_AHB1_GRP1_ReleaseReset\n
 327:Drivers/STM32G0xx_HAL_Driver/Inc/stm32g0xx_ll_bus.h ****   *         AHBRSTR      CRCRST        LL_AHB1_GRP1_ReleaseReset\n
 328:Drivers/STM32G0xx_HAL_Driver/Inc/stm32g0xx_ll_bus.h ****   *         AHBRSTR      AESRST        LL_AHB1_GRP1_ReleaseReset\n
 329:Drivers/STM32G0xx_HAL_Driver/Inc/stm32g0xx_ll_bus.h ****   *         AHBRSTR      RNGRST        LL_AHB1_GRP1_ReleaseReset
 330:Drivers/STM32G0xx_HAL_Driver/Inc/stm32g0xx_ll_bus.h ****   * @param  Periphs This parameter can be a combination of the following values:
 331:Drivers/STM32G0xx_HAL_Driver/Inc/stm32g0xx_ll_bus.h ****   *         @arg @ref LL_AHB1_GRP1_PERIPH_ALL
 332:Drivers/STM32G0xx_HAL_Driver/Inc/stm32g0xx_ll_bus.h ****   *         @arg @ref LL_AHB1_GRP1_PERIPH_DMA1
 333:Drivers/STM32G0xx_HAL_Driver/Inc/stm32g0xx_ll_bus.h ****   *         @arg @ref LL_AHB1_GRP1_PERIPH_FLASH
 334:Drivers/STM32G0xx_HAL_Driver/Inc/stm32g0xx_ll_bus.h ****   *         @arg @ref LL_AHB1_GRP1_PERIPH_CRC
 335:Drivers/STM32G0xx_HAL_Driver/Inc/stm32g0xx_ll_bus.h ****   *         @arg @ref LL_AHB1_GRP1_PERIPH_CRYP (*)
 336:Drivers/STM32G0xx_HAL_Driver/Inc/stm32g0xx_ll_bus.h ****   *         @arg @ref LL_AHB1_GRP1_PERIPH_RNG  (*)
 337:Drivers/STM32G0xx_HAL_Driver/Inc/stm32g0xx_ll_bus.h ****   * @note   (*) RNG & CRYP Peripherals available only on STM32G081xx
 338:Drivers/STM32G0xx_HAL_Driver/Inc/stm32g0xx_ll_bus.h ****   * @retval None
 339:Drivers/STM32G0xx_HAL_Driver/Inc/stm32g0xx_ll_bus.h ****   */
 340:Drivers/STM32G0xx_HAL_Driver/Inc/stm32g0xx_ll_bus.h **** __STATIC_INLINE void LL_AHB1_GRP1_ReleaseReset(uint32_t Periphs)
 341:Drivers/STM32G0xx_HAL_Driver/Inc/stm32g0xx_ll_bus.h **** {
 342:Drivers/STM32G0xx_HAL_Driver/Inc/stm32g0xx_ll_bus.h ****   CLEAR_BIT(RCC->AHBRSTR, Periphs);
 343:Drivers/STM32G0xx_HAL_Driver/Inc/stm32g0xx_ll_bus.h **** }
 344:Drivers/STM32G0xx_HAL_Driver/Inc/stm32g0xx_ll_bus.h **** 
 345:Drivers/STM32G0xx_HAL_Driver/Inc/stm32g0xx_ll_bus.h **** /**
 346:Drivers/STM32G0xx_HAL_Driver/Inc/stm32g0xx_ll_bus.h ****   * @brief  Enable AHB1 peripheral clocks in Sleep and Stop modes
 347:Drivers/STM32G0xx_HAL_Driver/Inc/stm32g0xx_ll_bus.h ****   * @rmtoll AHBSMENR     DMA1SMEN      LL_AHB1_GRP1_EnableClockStopSleep\n
 348:Drivers/STM32G0xx_HAL_Driver/Inc/stm32g0xx_ll_bus.h ****   *         AHBSMENR     FLASHSMEN     LL_AHB1_GRP1_EnableClockStopSleep\n
 349:Drivers/STM32G0xx_HAL_Driver/Inc/stm32g0xx_ll_bus.h ****   *         AHBSMENR     SRAMSMEN      LL_AHB1_GRP1_EnableClockStopSleep\n
 350:Drivers/STM32G0xx_HAL_Driver/Inc/stm32g0xx_ll_bus.h ****   *         AHBSMENR     CRCSMEN       LL_AHB1_GRP1_EnableClockStopSleep\n
 351:Drivers/STM32G0xx_HAL_Driver/Inc/stm32g0xx_ll_bus.h ****   *         AHBSMENR     AESSMEN       LL_AHB1_GRP1_EnableClockStopSleep\n
 352:Drivers/STM32G0xx_HAL_Driver/Inc/stm32g0xx_ll_bus.h ****   *         AHBSMENR     RNGSMEN       LL_AHB1_GRP1_EnableClockStopSleep
 353:Drivers/STM32G0xx_HAL_Driver/Inc/stm32g0xx_ll_bus.h ****   * @param  Periphs This parameter can be a combination of the following values:
 354:Drivers/STM32G0xx_HAL_Driver/Inc/stm32g0xx_ll_bus.h ****   *         @arg @ref LL_AHB1_GRP1_PERIPH_DMA1
 355:Drivers/STM32G0xx_HAL_Driver/Inc/stm32g0xx_ll_bus.h ****   *         @arg @ref LL_AHB1_GRP1_PERIPH_FLASH
 356:Drivers/STM32G0xx_HAL_Driver/Inc/stm32g0xx_ll_bus.h ****   *         @arg @ref LL_AHB1_GRP1_PERIPH_SRAM
 357:Drivers/STM32G0xx_HAL_Driver/Inc/stm32g0xx_ll_bus.h ****   *         @arg @ref LL_AHB1_GRP1_PERIPH_CRC
 358:Drivers/STM32G0xx_HAL_Driver/Inc/stm32g0xx_ll_bus.h ****   *         @arg @ref LL_AHB1_GRP1_PERIPH_CRYP (*)
 359:Drivers/STM32G0xx_HAL_Driver/Inc/stm32g0xx_ll_bus.h ****   *         @arg @ref LL_AHB1_GRP1_PERIPH_RNG  (*)
 360:Drivers/STM32G0xx_HAL_Driver/Inc/stm32g0xx_ll_bus.h ****   * @note   (*) RNG & CRYP Peripherals available only on STM32G081xx
 361:Drivers/STM32G0xx_HAL_Driver/Inc/stm32g0xx_ll_bus.h ****   * @retval None
 362:Drivers/STM32G0xx_HAL_Driver/Inc/stm32g0xx_ll_bus.h ****   */
 363:Drivers/STM32G0xx_HAL_Driver/Inc/stm32g0xx_ll_bus.h **** __STATIC_INLINE void LL_AHB1_GRP1_EnableClockStopSleep(uint32_t Periphs)
ARM GAS  /tmp/ccB60Qex.s 			page 9


 364:Drivers/STM32G0xx_HAL_Driver/Inc/stm32g0xx_ll_bus.h **** {
 365:Drivers/STM32G0xx_HAL_Driver/Inc/stm32g0xx_ll_bus.h ****   __IO uint32_t tmpreg;
 366:Drivers/STM32G0xx_HAL_Driver/Inc/stm32g0xx_ll_bus.h ****   SET_BIT(RCC->AHBSMENR, Periphs);
 367:Drivers/STM32G0xx_HAL_Driver/Inc/stm32g0xx_ll_bus.h ****   /* Delay after an RCC peripheral clock enabling */
 368:Drivers/STM32G0xx_HAL_Driver/Inc/stm32g0xx_ll_bus.h ****   tmpreg = READ_BIT(RCC->AHBSMENR, Periphs);
 369:Drivers/STM32G0xx_HAL_Driver/Inc/stm32g0xx_ll_bus.h ****   (void)tmpreg;
 370:Drivers/STM32G0xx_HAL_Driver/Inc/stm32g0xx_ll_bus.h **** }
 371:Drivers/STM32G0xx_HAL_Driver/Inc/stm32g0xx_ll_bus.h **** 
 372:Drivers/STM32G0xx_HAL_Driver/Inc/stm32g0xx_ll_bus.h **** /**
 373:Drivers/STM32G0xx_HAL_Driver/Inc/stm32g0xx_ll_bus.h ****   * @brief  Disable AHB1 peripheral clocks in Sleep and Stop modes
 374:Drivers/STM32G0xx_HAL_Driver/Inc/stm32g0xx_ll_bus.h ****   * @rmtoll AHBSMENR     DMA1SMEN      LL_AHB1_GRP1_DisableClockStopSleep\n
 375:Drivers/STM32G0xx_HAL_Driver/Inc/stm32g0xx_ll_bus.h ****   *         AHBSMENR     FLASHSMEN     LL_AHB1_GRP1_DisableClockStopSleep\n
 376:Drivers/STM32G0xx_HAL_Driver/Inc/stm32g0xx_ll_bus.h ****   *         AHBSMENR     SRAMSMEN      LL_AHB1_GRP1_DisableClockStopSleep\n
 377:Drivers/STM32G0xx_HAL_Driver/Inc/stm32g0xx_ll_bus.h ****   *         AHBSMENR     CRCSMEN       LL_AHB1_GRP1_DisableClockStopSleep\n
 378:Drivers/STM32G0xx_HAL_Driver/Inc/stm32g0xx_ll_bus.h ****   *         AHBSMENR     AESSMEN       LL_AHB1_GRP1_DisableClockStopSleep\n
 379:Drivers/STM32G0xx_HAL_Driver/Inc/stm32g0xx_ll_bus.h ****   *         AHBSMENR     RNGSMEN       LL_AHB1_GRP1_DisableClockStopSleep
 380:Drivers/STM32G0xx_HAL_Driver/Inc/stm32g0xx_ll_bus.h ****   * @param  Periphs This parameter can be a combination of the following values:
 381:Drivers/STM32G0xx_HAL_Driver/Inc/stm32g0xx_ll_bus.h ****   *         @arg @ref LL_AHB1_GRP1_PERIPH_DMA1
 382:Drivers/STM32G0xx_HAL_Driver/Inc/stm32g0xx_ll_bus.h ****   *         @arg @ref LL_AHB1_GRP1_PERIPH_FLASH
 383:Drivers/STM32G0xx_HAL_Driver/Inc/stm32g0xx_ll_bus.h ****   *         @arg @ref LL_AHB1_GRP1_PERIPH_SRAM
 384:Drivers/STM32G0xx_HAL_Driver/Inc/stm32g0xx_ll_bus.h ****   *         @arg @ref LL_AHB1_GRP1_PERIPH_CRC
 385:Drivers/STM32G0xx_HAL_Driver/Inc/stm32g0xx_ll_bus.h ****   *         @arg @ref LL_AHB1_GRP1_PERIPH_CRYP (*)
 386:Drivers/STM32G0xx_HAL_Driver/Inc/stm32g0xx_ll_bus.h ****   *         @arg @ref LL_AHB1_GRP1_PERIPH_RNG  (*)
 387:Drivers/STM32G0xx_HAL_Driver/Inc/stm32g0xx_ll_bus.h ****   * @note   (*) RNG & CRYP Peripherals available only on STM32G081xx
 388:Drivers/STM32G0xx_HAL_Driver/Inc/stm32g0xx_ll_bus.h ****   * @retval None
 389:Drivers/STM32G0xx_HAL_Driver/Inc/stm32g0xx_ll_bus.h ****   */
 390:Drivers/STM32G0xx_HAL_Driver/Inc/stm32g0xx_ll_bus.h **** __STATIC_INLINE void LL_AHB1_GRP1_DisableClockStopSleep(uint32_t Periphs)
 391:Drivers/STM32G0xx_HAL_Driver/Inc/stm32g0xx_ll_bus.h **** {
 392:Drivers/STM32G0xx_HAL_Driver/Inc/stm32g0xx_ll_bus.h ****   CLEAR_BIT(RCC->AHBSMENR, Periphs);
 393:Drivers/STM32G0xx_HAL_Driver/Inc/stm32g0xx_ll_bus.h **** }
 394:Drivers/STM32G0xx_HAL_Driver/Inc/stm32g0xx_ll_bus.h **** 
 395:Drivers/STM32G0xx_HAL_Driver/Inc/stm32g0xx_ll_bus.h **** /**
 396:Drivers/STM32G0xx_HAL_Driver/Inc/stm32g0xx_ll_bus.h ****   * @}
 397:Drivers/STM32G0xx_HAL_Driver/Inc/stm32g0xx_ll_bus.h ****   */
 398:Drivers/STM32G0xx_HAL_Driver/Inc/stm32g0xx_ll_bus.h **** 
 399:Drivers/STM32G0xx_HAL_Driver/Inc/stm32g0xx_ll_bus.h **** /** @defgroup BUS_LL_EF_APB1 APB1
 400:Drivers/STM32G0xx_HAL_Driver/Inc/stm32g0xx_ll_bus.h ****   * @{
 401:Drivers/STM32G0xx_HAL_Driver/Inc/stm32g0xx_ll_bus.h ****   */
 402:Drivers/STM32G0xx_HAL_Driver/Inc/stm32g0xx_ll_bus.h **** 
 403:Drivers/STM32G0xx_HAL_Driver/Inc/stm32g0xx_ll_bus.h **** /**
 404:Drivers/STM32G0xx_HAL_Driver/Inc/stm32g0xx_ll_bus.h ****   * @brief  Enable APB1 peripherals clock.
 405:Drivers/STM32G0xx_HAL_Driver/Inc/stm32g0xx_ll_bus.h ****   * @rmtoll APBENR1      TIM2EN        LL_APB1_GRP1_EnableClock\n
 406:Drivers/STM32G0xx_HAL_Driver/Inc/stm32g0xx_ll_bus.h ****   *         APBENR1      TIM3EN        LL_APB1_GRP1_EnableClock\n
 407:Drivers/STM32G0xx_HAL_Driver/Inc/stm32g0xx_ll_bus.h ****   *         APBENR1      TIM4EN        LL_APB1_GRP1_EnableClock\n
 408:Drivers/STM32G0xx_HAL_Driver/Inc/stm32g0xx_ll_bus.h ****   *         APBENR1      TIM6EN        LL_APB1_GRP1_EnableClock\n
 409:Drivers/STM32G0xx_HAL_Driver/Inc/stm32g0xx_ll_bus.h ****   *         APBENR1      TIM7EN        LL_APB1_GRP1_EnableClock\n
 410:Drivers/STM32G0xx_HAL_Driver/Inc/stm32g0xx_ll_bus.h ****   *         APBENR1      RTCAPBEN      LL_APB1_GRP1_EnableClock\n
 411:Drivers/STM32G0xx_HAL_Driver/Inc/stm32g0xx_ll_bus.h ****   *         APBENR1      WWDGEN        LL_APB1_GRP1_EnableClock\n
 412:Drivers/STM32G0xx_HAL_Driver/Inc/stm32g0xx_ll_bus.h ****   *         APBENR1      SPI2EN        LL_APB1_GRP1_EnableClock\n
 413:Drivers/STM32G0xx_HAL_Driver/Inc/stm32g0xx_ll_bus.h ****   *         APBENR1      SPI3EN        LL_APB1_GRP1_EnableClock\n
 414:Drivers/STM32G0xx_HAL_Driver/Inc/stm32g0xx_ll_bus.h ****   *         APBENR1      USART2EN      LL_APB1_GRP1_EnableClock\n
 415:Drivers/STM32G0xx_HAL_Driver/Inc/stm32g0xx_ll_bus.h ****   *         APBENR1      USART3EN      LL_APB1_GRP1_EnableClock\n
 416:Drivers/STM32G0xx_HAL_Driver/Inc/stm32g0xx_ll_bus.h ****   *         APBENR1      USART4EN      LL_APB1_GRP1_EnableClock\n
 417:Drivers/STM32G0xx_HAL_Driver/Inc/stm32g0xx_ll_bus.h ****   *         APBENR1      USART5EN      LL_APB1_GRP1_EnableClock\n
 418:Drivers/STM32G0xx_HAL_Driver/Inc/stm32g0xx_ll_bus.h ****   *         APBENR1      USART6EN      LL_APB1_GRP1_EnableClock\n
 419:Drivers/STM32G0xx_HAL_Driver/Inc/stm32g0xx_ll_bus.h ****   *         APBENR1      LPUART1EN     LL_APB1_GRP1_EnableClock\n
 420:Drivers/STM32G0xx_HAL_Driver/Inc/stm32g0xx_ll_bus.h ****   *         APBENR1      LPUART2EN     LL_APB1_GRP1_EnableClock\n
ARM GAS  /tmp/ccB60Qex.s 			page 10


 421:Drivers/STM32G0xx_HAL_Driver/Inc/stm32g0xx_ll_bus.h ****   *         APBENR1      I2C1EN        LL_APB1_GRP1_EnableClock\n
 422:Drivers/STM32G0xx_HAL_Driver/Inc/stm32g0xx_ll_bus.h ****   *         APBENR1      I2C2EN        LL_APB1_GRP1_EnableClock\n
 423:Drivers/STM32G0xx_HAL_Driver/Inc/stm32g0xx_ll_bus.h ****   *         APBENR1      I2C3EN        LL_APB1_GRP1_EnableClock\n
 424:Drivers/STM32G0xx_HAL_Driver/Inc/stm32g0xx_ll_bus.h ****   *         APBENR1      CECEN         LL_APB1_GRP1_EnableClock\n
 425:Drivers/STM32G0xx_HAL_Driver/Inc/stm32g0xx_ll_bus.h ****   *         APBENR1      UCPD1EN       LL_APB1_GRP1_EnableClock\n
 426:Drivers/STM32G0xx_HAL_Driver/Inc/stm32g0xx_ll_bus.h ****   *         APBENR1      UCPD2EN       LL_APB1_GRP1_EnableClock\n
 427:Drivers/STM32G0xx_HAL_Driver/Inc/stm32g0xx_ll_bus.h ****   *         APBENR1      USBEN         LL_APB1_GRP1_EnableClock\n
 428:Drivers/STM32G0xx_HAL_Driver/Inc/stm32g0xx_ll_bus.h ****   *         APBENR1      FDCANEN       LL_APB1_GRP1_EnableClock\n
 429:Drivers/STM32G0xx_HAL_Driver/Inc/stm32g0xx_ll_bus.h ****   *         APBENR1      DBGEN         LL_APB1_GRP1_EnableClock\n
 430:Drivers/STM32G0xx_HAL_Driver/Inc/stm32g0xx_ll_bus.h ****   *         APBENR1      PWREN         LL_APB1_GRP1_EnableClock\n
 431:Drivers/STM32G0xx_HAL_Driver/Inc/stm32g0xx_ll_bus.h ****   *         APBENR1      DAC1EN        LL_APB1_GRP1_EnableClock\n
 432:Drivers/STM32G0xx_HAL_Driver/Inc/stm32g0xx_ll_bus.h ****   *         APBENR1      LPTIM2EN      LL_APB1_GRP1_EnableClock\n
 433:Drivers/STM32G0xx_HAL_Driver/Inc/stm32g0xx_ll_bus.h ****   *         APBENR1      LPTIM1EN      LL_APB1_GRP1_EnableClock
 434:Drivers/STM32G0xx_HAL_Driver/Inc/stm32g0xx_ll_bus.h ****   * @param  Periphs This parameter can be a combination of the following values:
 435:Drivers/STM32G0xx_HAL_Driver/Inc/stm32g0xx_ll_bus.h ****   *         @arg @ref LL_APB1_GRP1_PERIPH_TIM2    (1)
 436:Drivers/STM32G0xx_HAL_Driver/Inc/stm32g0xx_ll_bus.h ****   *         @arg @ref LL_APB1_GRP1_PERIPH_TIM3
 437:Drivers/STM32G0xx_HAL_Driver/Inc/stm32g0xx_ll_bus.h ****   *         @arg @ref LL_APB1_GRP1_PERIPH_TIM4    (1)
 438:Drivers/STM32G0xx_HAL_Driver/Inc/stm32g0xx_ll_bus.h ****   *         @arg @ref LL_APB1_GRP1_PERIPH_TIM6    (1)
 439:Drivers/STM32G0xx_HAL_Driver/Inc/stm32g0xx_ll_bus.h ****   *         @arg @ref LL_APB1_GRP1_PERIPH_TIM7    (1)
 440:Drivers/STM32G0xx_HAL_Driver/Inc/stm32g0xx_ll_bus.h ****   *         @arg @ref LL_APB1_GRP1_PERIPH_RTC
 441:Drivers/STM32G0xx_HAL_Driver/Inc/stm32g0xx_ll_bus.h ****   *         @arg @ref LL_APB1_GRP1_PERIPH_WWDG
 442:Drivers/STM32G0xx_HAL_Driver/Inc/stm32g0xx_ll_bus.h ****   *         @arg @ref LL_APB1_GRP1_PERIPH_SPI2
 443:Drivers/STM32G0xx_HAL_Driver/Inc/stm32g0xx_ll_bus.h ****   *         @arg @ref LL_APB1_GRP1_PERIPH_SPI3    (1)
 444:Drivers/STM32G0xx_HAL_Driver/Inc/stm32g0xx_ll_bus.h ****   *         @arg @ref LL_APB1_GRP1_PERIPH_USART2
 445:Drivers/STM32G0xx_HAL_Driver/Inc/stm32g0xx_ll_bus.h ****   *         @arg @ref LL_APB1_GRP1_PERIPH_USART3  (1)
 446:Drivers/STM32G0xx_HAL_Driver/Inc/stm32g0xx_ll_bus.h ****   *         @arg @ref LL_APB1_GRP1_PERIPH_USART4  (1)
 447:Drivers/STM32G0xx_HAL_Driver/Inc/stm32g0xx_ll_bus.h ****   *         @arg @ref LL_APB1_GRP1_PERIPH_USART5  (1)
 448:Drivers/STM32G0xx_HAL_Driver/Inc/stm32g0xx_ll_bus.h ****   *         @arg @ref LL_APB1_GRP1_PERIPH_USART6  (1)
 449:Drivers/STM32G0xx_HAL_Driver/Inc/stm32g0xx_ll_bus.h ****   *         @arg @ref LL_APB1_GRP1_PERIPH_LPUART1 (1)
 450:Drivers/STM32G0xx_HAL_Driver/Inc/stm32g0xx_ll_bus.h ****   *         @arg @ref LL_APB1_GRP1_PERIPH_LPUART2 (1)
 451:Drivers/STM32G0xx_HAL_Driver/Inc/stm32g0xx_ll_bus.h ****   *         @arg @ref LL_APB1_GRP1_PERIPH_I2C1
 452:Drivers/STM32G0xx_HAL_Driver/Inc/stm32g0xx_ll_bus.h ****   *         @arg @ref LL_APB1_GRP1_PERIPH_I2C2
 453:Drivers/STM32G0xx_HAL_Driver/Inc/stm32g0xx_ll_bus.h ****   *         @arg @ref LL_APB1_GRP1_PERIPH_I2C3    (1)
 454:Drivers/STM32G0xx_HAL_Driver/Inc/stm32g0xx_ll_bus.h ****   *         @arg @ref LL_APB1_GRP1_PERIPH_CEC     (1)
 455:Drivers/STM32G0xx_HAL_Driver/Inc/stm32g0xx_ll_bus.h ****   *         @arg @ref LL_APB1_GRP1_PERIPH_UCPD1   (1)
 456:Drivers/STM32G0xx_HAL_Driver/Inc/stm32g0xx_ll_bus.h ****   *         @arg @ref LL_APB1_GRP1_PERIPH_UCPD2   (1)
 457:Drivers/STM32G0xx_HAL_Driver/Inc/stm32g0xx_ll_bus.h ****   *         @arg @ref LL_APB1_GRP1_PERIPH_USB     (1)
 458:Drivers/STM32G0xx_HAL_Driver/Inc/stm32g0xx_ll_bus.h ****   *         @arg @ref LL_APB1_GRP1_PERIPH_FDCAN   (1)
 459:Drivers/STM32G0xx_HAL_Driver/Inc/stm32g0xx_ll_bus.h ****   *         @arg @ref LL_APB1_GRP1_PERIPH_DBGMCU
 460:Drivers/STM32G0xx_HAL_Driver/Inc/stm32g0xx_ll_bus.h ****   *         @arg @ref LL_APB1_GRP1_PERIPH_PWR
 461:Drivers/STM32G0xx_HAL_Driver/Inc/stm32g0xx_ll_bus.h ****   *         @arg @ref LL_APB1_GRP1_PERIPH_DAC1    (1)
 462:Drivers/STM32G0xx_HAL_Driver/Inc/stm32g0xx_ll_bus.h ****   *         @arg @ref LL_APB1_GRP1_PERIPH_LPTIM2  (1)
 463:Drivers/STM32G0xx_HAL_Driver/Inc/stm32g0xx_ll_bus.h ****   *         @arg @ref LL_APB1_GRP1_PERIPH_LPTIM1  (1)
 464:Drivers/STM32G0xx_HAL_Driver/Inc/stm32g0xx_ll_bus.h ****   * @note Peripheral marked with (1) are not available all devices
 465:Drivers/STM32G0xx_HAL_Driver/Inc/stm32g0xx_ll_bus.h ****   * @retval None
 466:Drivers/STM32G0xx_HAL_Driver/Inc/stm32g0xx_ll_bus.h ****   */
 467:Drivers/STM32G0xx_HAL_Driver/Inc/stm32g0xx_ll_bus.h **** __STATIC_INLINE void LL_APB1_GRP1_EnableClock(uint32_t Periphs)
 468:Drivers/STM32G0xx_HAL_Driver/Inc/stm32g0xx_ll_bus.h **** {
 469:Drivers/STM32G0xx_HAL_Driver/Inc/stm32g0xx_ll_bus.h ****   __IO uint32_t tmpreg;
 470:Drivers/STM32G0xx_HAL_Driver/Inc/stm32g0xx_ll_bus.h ****   SET_BIT(RCC->APBENR1, Periphs);
 471:Drivers/STM32G0xx_HAL_Driver/Inc/stm32g0xx_ll_bus.h ****   /* Delay after an RCC peripheral clock enabling */
 472:Drivers/STM32G0xx_HAL_Driver/Inc/stm32g0xx_ll_bus.h ****   tmpreg = READ_BIT(RCC->APBENR1, Periphs);
 473:Drivers/STM32G0xx_HAL_Driver/Inc/stm32g0xx_ll_bus.h ****   (void)tmpreg;
 474:Drivers/STM32G0xx_HAL_Driver/Inc/stm32g0xx_ll_bus.h **** }
 475:Drivers/STM32G0xx_HAL_Driver/Inc/stm32g0xx_ll_bus.h **** 
 476:Drivers/STM32G0xx_HAL_Driver/Inc/stm32g0xx_ll_bus.h **** /**
 477:Drivers/STM32G0xx_HAL_Driver/Inc/stm32g0xx_ll_bus.h ****   * @brief  Check if APB1 peripheral clock is enabled or not
ARM GAS  /tmp/ccB60Qex.s 			page 11


 478:Drivers/STM32G0xx_HAL_Driver/Inc/stm32g0xx_ll_bus.h ****   * @rmtoll APBENR1      TIM2EN        LL_APB1_GRP1_IsEnabledClock\n
 479:Drivers/STM32G0xx_HAL_Driver/Inc/stm32g0xx_ll_bus.h ****   *         APBENR1      TIM3EN        LL_APB1_GRP1_IsEnabledClock\n
 480:Drivers/STM32G0xx_HAL_Driver/Inc/stm32g0xx_ll_bus.h ****   *         APBENR1      TIM4EN        LL_APB1_GRP1_IsEnabledClock\n
 481:Drivers/STM32G0xx_HAL_Driver/Inc/stm32g0xx_ll_bus.h ****   *         APBENR1      TIM6EN        LL_APB1_GRP1_IsEnabledClock\n
 482:Drivers/STM32G0xx_HAL_Driver/Inc/stm32g0xx_ll_bus.h ****   *         APBENR1      TIM7EN        LL_APB1_GRP1_IsEnabledClock\n
 483:Drivers/STM32G0xx_HAL_Driver/Inc/stm32g0xx_ll_bus.h ****   *         APBENR1      RTCAPBEN      LL_APB1_GRP1_IsEnabledClock\n
 484:Drivers/STM32G0xx_HAL_Driver/Inc/stm32g0xx_ll_bus.h ****   *         APBENR1      WWDGEN        LL_APB1_GRP1_IsEnabledClock\n
 485:Drivers/STM32G0xx_HAL_Driver/Inc/stm32g0xx_ll_bus.h ****   *         APBENR1      SPI2EN        LL_APB1_GRP1_IsEnabledClock\n
 486:Drivers/STM32G0xx_HAL_Driver/Inc/stm32g0xx_ll_bus.h ****   *         APBENR1      SPI3EN        LL_APB1_GRP1_IsEnabledClock\n
 487:Drivers/STM32G0xx_HAL_Driver/Inc/stm32g0xx_ll_bus.h ****   *         APBENR1      USART2EN      LL_APB1_GRP1_IsEnabledClock\n
 488:Drivers/STM32G0xx_HAL_Driver/Inc/stm32g0xx_ll_bus.h ****   *         APBENR1      USART3EN      LL_APB1_GRP1_IsEnabledClock\n
 489:Drivers/STM32G0xx_HAL_Driver/Inc/stm32g0xx_ll_bus.h ****   *         APBENR1      USART4EN      LL_APB1_GRP1_IsEnabledClock\n
 490:Drivers/STM32G0xx_HAL_Driver/Inc/stm32g0xx_ll_bus.h ****   *         APBENR1      USART5EN      LL_APB1_GRP1_IsEnabledClock\n
 491:Drivers/STM32G0xx_HAL_Driver/Inc/stm32g0xx_ll_bus.h ****   *         APBENR1      USART6EN      LL_APB1_GRP1_IsEnabledClock\n
 492:Drivers/STM32G0xx_HAL_Driver/Inc/stm32g0xx_ll_bus.h ****   *         APBENR1      LPUART1EN     LL_APB1_GRP1_IsEnabledClock\n
 493:Drivers/STM32G0xx_HAL_Driver/Inc/stm32g0xx_ll_bus.h ****   *         APBENR1      LPUART2EN     LL_APB1_GRP1_IsEnabledClock\n
 494:Drivers/STM32G0xx_HAL_Driver/Inc/stm32g0xx_ll_bus.h ****   *         APBENR1      I2C1EN        LL_APB1_GRP1_IsEnabledClock\n
 495:Drivers/STM32G0xx_HAL_Driver/Inc/stm32g0xx_ll_bus.h ****   *         APBENR1      I2C2EN        LL_APB1_GRP1_IsEnabledClock\n
 496:Drivers/STM32G0xx_HAL_Driver/Inc/stm32g0xx_ll_bus.h ****   *         APBENR1      I2C3EN        LL_APB1_GRP1_IsEnabledClock\n
 497:Drivers/STM32G0xx_HAL_Driver/Inc/stm32g0xx_ll_bus.h ****   *         APBENR1      CECEN         LL_APB1_GRP1_IsEnabledClock\n
 498:Drivers/STM32G0xx_HAL_Driver/Inc/stm32g0xx_ll_bus.h ****   *         APBENR1      UCPD1EN       LL_APB1_GRP1_IsEnabledClock\n
 499:Drivers/STM32G0xx_HAL_Driver/Inc/stm32g0xx_ll_bus.h ****   *         APBENR1      UCPD2EN       LL_APB1_GRP1_IsEnabledClock\n
 500:Drivers/STM32G0xx_HAL_Driver/Inc/stm32g0xx_ll_bus.h ****   *         APBENR1      USBEN         LL_APB1_GRP1_IsEnabledClock\n
 501:Drivers/STM32G0xx_HAL_Driver/Inc/stm32g0xx_ll_bus.h ****   *         APBENR1      FDCANEN       LL_APB1_GRP1_IsEnabledClock\n
 502:Drivers/STM32G0xx_HAL_Driver/Inc/stm32g0xx_ll_bus.h ****   *         APBENR1      DBGEN         LL_APB1_GRP1_IsEnabledClock\n
 503:Drivers/STM32G0xx_HAL_Driver/Inc/stm32g0xx_ll_bus.h ****   *         APBENR1      PWREN         LL_APB1_GRP1_IsEnabledClock\n
 504:Drivers/STM32G0xx_HAL_Driver/Inc/stm32g0xx_ll_bus.h ****   *         APBENR1      DAC1EN        LL_APB1_GRP1_IsEnabledClock\n
 505:Drivers/STM32G0xx_HAL_Driver/Inc/stm32g0xx_ll_bus.h ****   *         APBENR1      LPTIM2EN      LL_APB1_GRP1_IsEnabledClock\n
 506:Drivers/STM32G0xx_HAL_Driver/Inc/stm32g0xx_ll_bus.h ****   *         APBENR1      LPTIM1EN      LL_APB1_GRP1_IsEnabledClock
 507:Drivers/STM32G0xx_HAL_Driver/Inc/stm32g0xx_ll_bus.h ****   * @param  Periphs This parameter can be a combination of the following values:
 508:Drivers/STM32G0xx_HAL_Driver/Inc/stm32g0xx_ll_bus.h ****   *         @arg @ref LL_APB1_GRP1_PERIPH_TIM2    (1)
 509:Drivers/STM32G0xx_HAL_Driver/Inc/stm32g0xx_ll_bus.h ****   *         @arg @ref LL_APB1_GRP1_PERIPH_TIM3
 510:Drivers/STM32G0xx_HAL_Driver/Inc/stm32g0xx_ll_bus.h ****   *         @arg @ref LL_APB1_GRP1_PERIPH_TIM4    (1)
 511:Drivers/STM32G0xx_HAL_Driver/Inc/stm32g0xx_ll_bus.h ****   *         @arg @ref LL_APB1_GRP1_PERIPH_TIM6    (1)
 512:Drivers/STM32G0xx_HAL_Driver/Inc/stm32g0xx_ll_bus.h ****   *         @arg @ref LL_APB1_GRP1_PERIPH_TIM7    (1)
 513:Drivers/STM32G0xx_HAL_Driver/Inc/stm32g0xx_ll_bus.h ****   *         @arg @ref LL_APB1_GRP1_PERIPH_RTC
 514:Drivers/STM32G0xx_HAL_Driver/Inc/stm32g0xx_ll_bus.h ****   *         @arg @ref LL_APB1_GRP1_PERIPH_WWDG
 515:Drivers/STM32G0xx_HAL_Driver/Inc/stm32g0xx_ll_bus.h ****   *         @arg @ref LL_APB1_GRP1_PERIPH_SPI2
 516:Drivers/STM32G0xx_HAL_Driver/Inc/stm32g0xx_ll_bus.h ****   *         @arg @ref LL_APB1_GRP1_PERIPH_SPI3    (1)
 517:Drivers/STM32G0xx_HAL_Driver/Inc/stm32g0xx_ll_bus.h ****   *         @arg @ref LL_APB1_GRP1_PERIPH_USART2
 518:Drivers/STM32G0xx_HAL_Driver/Inc/stm32g0xx_ll_bus.h ****   *         @arg @ref LL_APB1_GRP1_PERIPH_USART3  (1)
 519:Drivers/STM32G0xx_HAL_Driver/Inc/stm32g0xx_ll_bus.h ****   *         @arg @ref LL_APB1_GRP1_PERIPH_USART4  (1)
 520:Drivers/STM32G0xx_HAL_Driver/Inc/stm32g0xx_ll_bus.h ****   *         @arg @ref LL_APB1_GRP1_PERIPH_USART5  (1)
 521:Drivers/STM32G0xx_HAL_Driver/Inc/stm32g0xx_ll_bus.h ****   *         @arg @ref LL_APB1_GRP1_PERIPH_USART6  (1)
 522:Drivers/STM32G0xx_HAL_Driver/Inc/stm32g0xx_ll_bus.h ****   *         @arg @ref LL_APB1_GRP1_PERIPH_LPUART1 (1)
 523:Drivers/STM32G0xx_HAL_Driver/Inc/stm32g0xx_ll_bus.h ****   *         @arg @ref LL_APB1_GRP1_PERIPH_LPUART2 (1)
 524:Drivers/STM32G0xx_HAL_Driver/Inc/stm32g0xx_ll_bus.h ****   *         @arg @ref LL_APB1_GRP1_PERIPH_I2C1
 525:Drivers/STM32G0xx_HAL_Driver/Inc/stm32g0xx_ll_bus.h ****   *         @arg @ref LL_APB1_GRP1_PERIPH_I2C2
 526:Drivers/STM32G0xx_HAL_Driver/Inc/stm32g0xx_ll_bus.h ****   *         @arg @ref LL_APB1_GRP1_PERIPH_I2C3    (1)
 527:Drivers/STM32G0xx_HAL_Driver/Inc/stm32g0xx_ll_bus.h ****   *         @arg @ref LL_APB1_GRP1_PERIPH_CEC     (1)
 528:Drivers/STM32G0xx_HAL_Driver/Inc/stm32g0xx_ll_bus.h ****   *         @arg @ref LL_APB1_GRP1_PERIPH_UCPD1   (1)
 529:Drivers/STM32G0xx_HAL_Driver/Inc/stm32g0xx_ll_bus.h ****   *         @arg @ref LL_APB1_GRP1_PERIPH_UCPD2   (1)
 530:Drivers/STM32G0xx_HAL_Driver/Inc/stm32g0xx_ll_bus.h ****   *         @arg @ref LL_APB1_GRP1_PERIPH_USB     (1)
 531:Drivers/STM32G0xx_HAL_Driver/Inc/stm32g0xx_ll_bus.h ****   *         @arg @ref LL_APB1_GRP1_PERIPH_FDCAN   (1)
 532:Drivers/STM32G0xx_HAL_Driver/Inc/stm32g0xx_ll_bus.h ****   *         @arg @ref LL_APB1_GRP1_PERIPH_DBGMCU
 533:Drivers/STM32G0xx_HAL_Driver/Inc/stm32g0xx_ll_bus.h ****   *         @arg @ref LL_APB1_GRP1_PERIPH_PWR
 534:Drivers/STM32G0xx_HAL_Driver/Inc/stm32g0xx_ll_bus.h ****   *         @arg @ref LL_APB1_GRP1_PERIPH_DAC1    (1)
ARM GAS  /tmp/ccB60Qex.s 			page 12


 535:Drivers/STM32G0xx_HAL_Driver/Inc/stm32g0xx_ll_bus.h ****   *         @arg @ref LL_APB1_GRP1_PERIPH_LPTIM2  (1)
 536:Drivers/STM32G0xx_HAL_Driver/Inc/stm32g0xx_ll_bus.h ****   *         @arg @ref LL_APB1_GRP1_PERIPH_LPTIM1  (1)
 537:Drivers/STM32G0xx_HAL_Driver/Inc/stm32g0xx_ll_bus.h ****   * @note Peripheral marked with (1) are not available all devices
 538:Drivers/STM32G0xx_HAL_Driver/Inc/stm32g0xx_ll_bus.h ****   * @retval State of Periphs (1 or 0).
 539:Drivers/STM32G0xx_HAL_Driver/Inc/stm32g0xx_ll_bus.h ****   */
 540:Drivers/STM32G0xx_HAL_Driver/Inc/stm32g0xx_ll_bus.h **** __STATIC_INLINE uint32_t LL_APB1_GRP1_IsEnabledClock(uint32_t Periphs)
 541:Drivers/STM32G0xx_HAL_Driver/Inc/stm32g0xx_ll_bus.h **** {
 542:Drivers/STM32G0xx_HAL_Driver/Inc/stm32g0xx_ll_bus.h ****   return ((READ_BIT(RCC->APBENR1, Periphs) == (Periphs)) ? 1UL : 0UL);
 543:Drivers/STM32G0xx_HAL_Driver/Inc/stm32g0xx_ll_bus.h **** }
 544:Drivers/STM32G0xx_HAL_Driver/Inc/stm32g0xx_ll_bus.h **** 
 545:Drivers/STM32G0xx_HAL_Driver/Inc/stm32g0xx_ll_bus.h **** /**
 546:Drivers/STM32G0xx_HAL_Driver/Inc/stm32g0xx_ll_bus.h ****   * @brief  Disable APB1 peripherals clock.
 547:Drivers/STM32G0xx_HAL_Driver/Inc/stm32g0xx_ll_bus.h ****   * @rmtoll APBENR1      TIM2EN        LL_APB1_GRP1_DisableClock\n
 548:Drivers/STM32G0xx_HAL_Driver/Inc/stm32g0xx_ll_bus.h ****   *         APBENR1      TIM3EN        LL_APB1_GRP1_DisableClock\n
 549:Drivers/STM32G0xx_HAL_Driver/Inc/stm32g0xx_ll_bus.h ****   *         APBENR1      TIM4EN        LL_APB1_GRP1_DisableClock\n
 550:Drivers/STM32G0xx_HAL_Driver/Inc/stm32g0xx_ll_bus.h ****   *         APBENR1      TIM6EN        LL_APB1_GRP1_DisableClock\n
 551:Drivers/STM32G0xx_HAL_Driver/Inc/stm32g0xx_ll_bus.h ****   *         APBENR1      TIM7EN        LL_APB1_GRP1_DisableClock\n
 552:Drivers/STM32G0xx_HAL_Driver/Inc/stm32g0xx_ll_bus.h ****   *         APBENR1      RTCAPBEN      LL_APB1_GRP1_DisableClock\n
 553:Drivers/STM32G0xx_HAL_Driver/Inc/stm32g0xx_ll_bus.h ****   *         APBENR1      WWDGEN        LL_APB1_GRP1_DisableClock\n
 554:Drivers/STM32G0xx_HAL_Driver/Inc/stm32g0xx_ll_bus.h ****   *         APBENR1      SPI2EN        LL_APB1_GRP1_DisableClock\n
 555:Drivers/STM32G0xx_HAL_Driver/Inc/stm32g0xx_ll_bus.h ****   *         APBENR1      SPI3EN        LL_APB1_GRP1_DisableClock\n
 556:Drivers/STM32G0xx_HAL_Driver/Inc/stm32g0xx_ll_bus.h ****   *         APBENR1      USART2EN      LL_APB1_GRP1_DisableClock\n
 557:Drivers/STM32G0xx_HAL_Driver/Inc/stm32g0xx_ll_bus.h ****   *         APBENR1      USART3EN      LL_APB1_GRP1_DisableClock\n
 558:Drivers/STM32G0xx_HAL_Driver/Inc/stm32g0xx_ll_bus.h ****   *         APBENR1      USART4EN      LL_APB1_GRP1_DisableClock\n
 559:Drivers/STM32G0xx_HAL_Driver/Inc/stm32g0xx_ll_bus.h ****   *         APBENR1      USART5EN      LL_APB1_GRP1_DisableClock\n
 560:Drivers/STM32G0xx_HAL_Driver/Inc/stm32g0xx_ll_bus.h ****   *         APBENR1      USART6EN      LL_APB1_GRP1_DisableClock\n
 561:Drivers/STM32G0xx_HAL_Driver/Inc/stm32g0xx_ll_bus.h ****   *         APBENR1      LPUART1EN     LL_APB1_GRP1_DisableClock\n
 562:Drivers/STM32G0xx_HAL_Driver/Inc/stm32g0xx_ll_bus.h ****   *         APBENR1      LPUART2EN     LL_APB1_GRP1_DisableClock\n
 563:Drivers/STM32G0xx_HAL_Driver/Inc/stm32g0xx_ll_bus.h ****   *         APBENR1      I2C1EN        LL_APB1_GRP1_DisableClock\n
 564:Drivers/STM32G0xx_HAL_Driver/Inc/stm32g0xx_ll_bus.h ****   *         APBENR1      I2C2EN        LL_APB1_GRP1_DisableClock\n
 565:Drivers/STM32G0xx_HAL_Driver/Inc/stm32g0xx_ll_bus.h ****   *         APBENR1      I2C3EN        LL_APB1_GRP1_DisableClock\n
 566:Drivers/STM32G0xx_HAL_Driver/Inc/stm32g0xx_ll_bus.h ****   *         APBENR1      CECEN         LL_APB1_GRP1_DisableClock\n
 567:Drivers/STM32G0xx_HAL_Driver/Inc/stm32g0xx_ll_bus.h ****   *         APBENR1      UCPD1EN       LL_APB1_GRP1_DisableClock\n
 568:Drivers/STM32G0xx_HAL_Driver/Inc/stm32g0xx_ll_bus.h ****   *         APBENR1      UCPD2EN       LL_APB1_GRP1_DisableClock\n
 569:Drivers/STM32G0xx_HAL_Driver/Inc/stm32g0xx_ll_bus.h ****   *         APBENR1      USBEN         LL_APB1_GRP1_DisableClock\n
 570:Drivers/STM32G0xx_HAL_Driver/Inc/stm32g0xx_ll_bus.h ****   *         APBENR1      FDCANEN       LL_APB1_GRP1_DisableClock\n
 571:Drivers/STM32G0xx_HAL_Driver/Inc/stm32g0xx_ll_bus.h ****   *         APBENR1      DBGEN         LL_APB1_GRP1_DisableClock\n
 572:Drivers/STM32G0xx_HAL_Driver/Inc/stm32g0xx_ll_bus.h ****   *         APBENR1      PWREN         LL_APB1_GRP1_DisableClock\n
 573:Drivers/STM32G0xx_HAL_Driver/Inc/stm32g0xx_ll_bus.h ****   *         APBENR1      DAC1EN        LL_APB1_GRP1_DisableClock\n
 574:Drivers/STM32G0xx_HAL_Driver/Inc/stm32g0xx_ll_bus.h ****   *         APBENR1      LPTIM2EN      LL_APB1_GRP1_DisableClock\n
 575:Drivers/STM32G0xx_HAL_Driver/Inc/stm32g0xx_ll_bus.h ****   *         APBENR1      LPTIM1EN      LL_APB1_GRP1_DisableClock
 576:Drivers/STM32G0xx_HAL_Driver/Inc/stm32g0xx_ll_bus.h ****   * @param  Periphs This parameter can be a combination of the following values:
 577:Drivers/STM32G0xx_HAL_Driver/Inc/stm32g0xx_ll_bus.h ****   *         @arg @ref LL_APB1_GRP1_PERIPH_TIM2    (1)
 578:Drivers/STM32G0xx_HAL_Driver/Inc/stm32g0xx_ll_bus.h ****   *         @arg @ref LL_APB1_GRP1_PERIPH_TIM3
 579:Drivers/STM32G0xx_HAL_Driver/Inc/stm32g0xx_ll_bus.h ****   *         @arg @ref LL_APB1_GRP1_PERIPH_TIM4    (1)
 580:Drivers/STM32G0xx_HAL_Driver/Inc/stm32g0xx_ll_bus.h ****   *         @arg @ref LL_APB1_GRP1_PERIPH_TIM6    (1)
 581:Drivers/STM32G0xx_HAL_Driver/Inc/stm32g0xx_ll_bus.h ****   *         @arg @ref LL_APB1_GRP1_PERIPH_TIM7    (1)
 582:Drivers/STM32G0xx_HAL_Driver/Inc/stm32g0xx_ll_bus.h ****   *         @arg @ref LL_APB1_GRP1_PERIPH_RTC
 583:Drivers/STM32G0xx_HAL_Driver/Inc/stm32g0xx_ll_bus.h ****   *         @arg @ref LL_APB1_GRP1_PERIPH_WWDG
 584:Drivers/STM32G0xx_HAL_Driver/Inc/stm32g0xx_ll_bus.h ****   *         @arg @ref LL_APB1_GRP1_PERIPH_SPI2
 585:Drivers/STM32G0xx_HAL_Driver/Inc/stm32g0xx_ll_bus.h ****   *         @arg @ref LL_APB1_GRP1_PERIPH_SPI3    (1)
 586:Drivers/STM32G0xx_HAL_Driver/Inc/stm32g0xx_ll_bus.h ****   *         @arg @ref LL_APB1_GRP1_PERIPH_USART2
 587:Drivers/STM32G0xx_HAL_Driver/Inc/stm32g0xx_ll_bus.h ****   *         @arg @ref LL_APB1_GRP1_PERIPH_USART3  (1)
 588:Drivers/STM32G0xx_HAL_Driver/Inc/stm32g0xx_ll_bus.h ****   *         @arg @ref LL_APB1_GRP1_PERIPH_USART4  (1)
 589:Drivers/STM32G0xx_HAL_Driver/Inc/stm32g0xx_ll_bus.h ****   *         @arg @ref LL_APB1_GRP1_PERIPH_USART5  (1)
 590:Drivers/STM32G0xx_HAL_Driver/Inc/stm32g0xx_ll_bus.h ****   *         @arg @ref LL_APB1_GRP1_PERIPH_USART6  (1)
 591:Drivers/STM32G0xx_HAL_Driver/Inc/stm32g0xx_ll_bus.h ****   *         @arg @ref LL_APB1_GRP1_PERIPH_LPUART1 (1)
ARM GAS  /tmp/ccB60Qex.s 			page 13


 592:Drivers/STM32G0xx_HAL_Driver/Inc/stm32g0xx_ll_bus.h ****   *         @arg @ref LL_APB1_GRP1_PERIPH_LPUART2 (1)
 593:Drivers/STM32G0xx_HAL_Driver/Inc/stm32g0xx_ll_bus.h ****   *         @arg @ref LL_APB1_GRP1_PERIPH_I2C1
 594:Drivers/STM32G0xx_HAL_Driver/Inc/stm32g0xx_ll_bus.h ****   *         @arg @ref LL_APB1_GRP1_PERIPH_I2C2
 595:Drivers/STM32G0xx_HAL_Driver/Inc/stm32g0xx_ll_bus.h ****   *         @arg @ref LL_APB1_GRP1_PERIPH_I2C3    (1)
 596:Drivers/STM32G0xx_HAL_Driver/Inc/stm32g0xx_ll_bus.h ****   *         @arg @ref LL_APB1_GRP1_PERIPH_CEC     (1)
 597:Drivers/STM32G0xx_HAL_Driver/Inc/stm32g0xx_ll_bus.h ****   *         @arg @ref LL_APB1_GRP1_PERIPH_UCPD1   (1)
 598:Drivers/STM32G0xx_HAL_Driver/Inc/stm32g0xx_ll_bus.h ****   *         @arg @ref LL_APB1_GRP1_PERIPH_UCPD2   (1)
 599:Drivers/STM32G0xx_HAL_Driver/Inc/stm32g0xx_ll_bus.h ****   *         @arg @ref LL_APB1_GRP1_PERIPH_USB     (1)
 600:Drivers/STM32G0xx_HAL_Driver/Inc/stm32g0xx_ll_bus.h ****   *         @arg @ref LL_APB1_GRP1_PERIPH_FDCAN   (1)
 601:Drivers/STM32G0xx_HAL_Driver/Inc/stm32g0xx_ll_bus.h ****   *         @arg @ref LL_APB1_GRP1_PERIPH_DBGMCU
 602:Drivers/STM32G0xx_HAL_Driver/Inc/stm32g0xx_ll_bus.h ****   *         @arg @ref LL_APB1_GRP1_PERIPH_PWR
 603:Drivers/STM32G0xx_HAL_Driver/Inc/stm32g0xx_ll_bus.h ****   *         @arg @ref LL_APB1_GRP1_PERIPH_DAC1    (1)
 604:Drivers/STM32G0xx_HAL_Driver/Inc/stm32g0xx_ll_bus.h ****   *         @arg @ref LL_APB1_GRP1_PERIPH_LPTIM2  (1)
 605:Drivers/STM32G0xx_HAL_Driver/Inc/stm32g0xx_ll_bus.h ****   *         @arg @ref LL_APB1_GRP1_PERIPH_LPTIM1  (1)
 606:Drivers/STM32G0xx_HAL_Driver/Inc/stm32g0xx_ll_bus.h ****   * @note Peripheral marked with (1) are not available all devices
 607:Drivers/STM32G0xx_HAL_Driver/Inc/stm32g0xx_ll_bus.h ****   * @retval None
 608:Drivers/STM32G0xx_HAL_Driver/Inc/stm32g0xx_ll_bus.h ****   */
 609:Drivers/STM32G0xx_HAL_Driver/Inc/stm32g0xx_ll_bus.h **** __STATIC_INLINE void LL_APB1_GRP1_DisableClock(uint32_t Periphs)
 610:Drivers/STM32G0xx_HAL_Driver/Inc/stm32g0xx_ll_bus.h **** {
 611:Drivers/STM32G0xx_HAL_Driver/Inc/stm32g0xx_ll_bus.h ****   CLEAR_BIT(RCC->APBENR1, Periphs);
 612:Drivers/STM32G0xx_HAL_Driver/Inc/stm32g0xx_ll_bus.h **** }
 613:Drivers/STM32G0xx_HAL_Driver/Inc/stm32g0xx_ll_bus.h **** 
 614:Drivers/STM32G0xx_HAL_Driver/Inc/stm32g0xx_ll_bus.h **** /**
 615:Drivers/STM32G0xx_HAL_Driver/Inc/stm32g0xx_ll_bus.h ****   * @brief  Force APB1 peripherals reset.
 616:Drivers/STM32G0xx_HAL_Driver/Inc/stm32g0xx_ll_bus.h ****   * @rmtoll APBRSTR1     TIM2RST       LL_APB1_GRP1_ForceReset\n
 617:Drivers/STM32G0xx_HAL_Driver/Inc/stm32g0xx_ll_bus.h ****   *         APBRSTR1     TIM3RST       LL_APB1_GRP1_ForceReset\n
 618:Drivers/STM32G0xx_HAL_Driver/Inc/stm32g0xx_ll_bus.h ****   *         APBRSTR1     TIM4RST       LL_APB1_GRP1_ForceReset\n
 619:Drivers/STM32G0xx_HAL_Driver/Inc/stm32g0xx_ll_bus.h ****   *         APBRSTR1     TIM6RST       LL_APB1_GRP1_ForceReset\n
 620:Drivers/STM32G0xx_HAL_Driver/Inc/stm32g0xx_ll_bus.h ****   *         APBRSTR1     TIM7RST       LL_APB1_GRP1_ForceReset\n
 621:Drivers/STM32G0xx_HAL_Driver/Inc/stm32g0xx_ll_bus.h ****   *         APBRSTR1     RTCRST        LL_APB1_GRP1_ForceReset\n
 622:Drivers/STM32G0xx_HAL_Driver/Inc/stm32g0xx_ll_bus.h ****   *         APBRSTR1     SPI2RST       LL_APB1_GRP1_ForceReset\n
 623:Drivers/STM32G0xx_HAL_Driver/Inc/stm32g0xx_ll_bus.h ****   *         APBRSTR1     SPI3RST       LL_APB1_GRP1_ForceReset\n
 624:Drivers/STM32G0xx_HAL_Driver/Inc/stm32g0xx_ll_bus.h ****   *         APBRSTR1     USART2RST     LL_APB1_GRP1_ForceReset\n
 625:Drivers/STM32G0xx_HAL_Driver/Inc/stm32g0xx_ll_bus.h ****   *         APBRSTR1     USART3RST     LL_APB1_GRP1_ForceReset\n
 626:Drivers/STM32G0xx_HAL_Driver/Inc/stm32g0xx_ll_bus.h ****   *         APBRSTR1     USART4RST     LL_APB1_GRP1_ForceReset\n
 627:Drivers/STM32G0xx_HAL_Driver/Inc/stm32g0xx_ll_bus.h ****   *         APBRSTR1     USART5RST     LL_APB1_GRP1_ForceReset\n
 628:Drivers/STM32G0xx_HAL_Driver/Inc/stm32g0xx_ll_bus.h ****   *         APBRSTR1     USART6RST     LL_APB1_GRP1_ForceReset\n
 629:Drivers/STM32G0xx_HAL_Driver/Inc/stm32g0xx_ll_bus.h ****   *         APBRSTR1     LPUART1RST    LL_APB1_GRP1_ForceReset\n
 630:Drivers/STM32G0xx_HAL_Driver/Inc/stm32g0xx_ll_bus.h ****   *         APBRSTR1     LPUART2RST    LL_APB1_GRP1_ForceReset\n
 631:Drivers/STM32G0xx_HAL_Driver/Inc/stm32g0xx_ll_bus.h ****   *         APBRSTR1     I2C1RST       LL_APB1_GRP1_ForceReset\n
 632:Drivers/STM32G0xx_HAL_Driver/Inc/stm32g0xx_ll_bus.h ****   *         APBRSTR1     I2C2RST       LL_APB1_GRP1_ForceReset\n
 633:Drivers/STM32G0xx_HAL_Driver/Inc/stm32g0xx_ll_bus.h ****   *         APBRSTR1     I2C3RST       LL_APB1_GRP1_ForceReset\n
 634:Drivers/STM32G0xx_HAL_Driver/Inc/stm32g0xx_ll_bus.h ****   *         APBRSTR1     CECRST        LL_APB1_GRP1_ForceReset\n
 635:Drivers/STM32G0xx_HAL_Driver/Inc/stm32g0xx_ll_bus.h ****   *         APBRSTR1     UCPD1RST      LL_APB1_GRP1_ForceReset\n
 636:Drivers/STM32G0xx_HAL_Driver/Inc/stm32g0xx_ll_bus.h ****   *         APBRSTR1     UCPD2RST      LL_APB1_GRP1_ForceReset\n
 637:Drivers/STM32G0xx_HAL_Driver/Inc/stm32g0xx_ll_bus.h ****   *         APBRSTR1     USBRST        LL_APB1_GRP1_ForceReset\n
 638:Drivers/STM32G0xx_HAL_Driver/Inc/stm32g0xx_ll_bus.h ****   *         APBRSTR1     FDCANRST      LL_APB1_GRP1_ForceReset\n
 639:Drivers/STM32G0xx_HAL_Driver/Inc/stm32g0xx_ll_bus.h ****   *         APBRSTR1     DBGRST        LL_APB1_GRP1_ForceReset\n
 640:Drivers/STM32G0xx_HAL_Driver/Inc/stm32g0xx_ll_bus.h ****   *         APBRSTR1     PWRRST        LL_APB1_GRP1_ForceReset\n
 641:Drivers/STM32G0xx_HAL_Driver/Inc/stm32g0xx_ll_bus.h ****   *         APBRSTR1     DAC1RST       LL_APB1_GRP1_ForceReset\n
 642:Drivers/STM32G0xx_HAL_Driver/Inc/stm32g0xx_ll_bus.h ****   *         APBRSTR1     LPTIM2RST     LL_APB1_GRP1_ForceReset\n
 643:Drivers/STM32G0xx_HAL_Driver/Inc/stm32g0xx_ll_bus.h ****   *         APBRSTR1     LPTIM1RST     LL_APB1_GRP1_ForceReset
 644:Drivers/STM32G0xx_HAL_Driver/Inc/stm32g0xx_ll_bus.h ****   * @param  Periphs This parameter can be a combination of the following values:
 645:Drivers/STM32G0xx_HAL_Driver/Inc/stm32g0xx_ll_bus.h ****   *         @arg @ref LL_APB1_GRP1_PERIPH_TIM2    (1)
 646:Drivers/STM32G0xx_HAL_Driver/Inc/stm32g0xx_ll_bus.h ****   *         @arg @ref LL_APB1_GRP1_PERIPH_TIM3
 647:Drivers/STM32G0xx_HAL_Driver/Inc/stm32g0xx_ll_bus.h ****   *         @arg @ref LL_APB1_GRP1_PERIPH_TIM4    (1)
 648:Drivers/STM32G0xx_HAL_Driver/Inc/stm32g0xx_ll_bus.h ****   *         @arg @ref LL_APB1_GRP1_PERIPH_TIM6    (1)
ARM GAS  /tmp/ccB60Qex.s 			page 14


 649:Drivers/STM32G0xx_HAL_Driver/Inc/stm32g0xx_ll_bus.h ****   *         @arg @ref LL_APB1_GRP1_PERIPH_TIM7    (1)
 650:Drivers/STM32G0xx_HAL_Driver/Inc/stm32g0xx_ll_bus.h ****   *         @arg @ref LL_APB1_GRP1_PERIPH_RTC
 651:Drivers/STM32G0xx_HAL_Driver/Inc/stm32g0xx_ll_bus.h ****   *         @arg @ref LL_APB1_GRP1_PERIPH_SPI2
 652:Drivers/STM32G0xx_HAL_Driver/Inc/stm32g0xx_ll_bus.h ****   *         @arg @ref LL_APB1_GRP1_PERIPH_SPI3    (1)
 653:Drivers/STM32G0xx_HAL_Driver/Inc/stm32g0xx_ll_bus.h ****   *         @arg @ref LL_APB1_GRP1_PERIPH_USART2
 654:Drivers/STM32G0xx_HAL_Driver/Inc/stm32g0xx_ll_bus.h ****   *         @arg @ref LL_APB1_GRP1_PERIPH_USART3  (1)
 655:Drivers/STM32G0xx_HAL_Driver/Inc/stm32g0xx_ll_bus.h ****   *         @arg @ref LL_APB1_GRP1_PERIPH_USART4  (1)
 656:Drivers/STM32G0xx_HAL_Driver/Inc/stm32g0xx_ll_bus.h ****   *         @arg @ref LL_APB1_GRP1_PERIPH_USART5  (1)
 657:Drivers/STM32G0xx_HAL_Driver/Inc/stm32g0xx_ll_bus.h ****   *         @arg @ref LL_APB1_GRP1_PERIPH_USART6  (1)
 658:Drivers/STM32G0xx_HAL_Driver/Inc/stm32g0xx_ll_bus.h ****   *         @arg @ref LL_APB1_GRP1_PERIPH_LPUART1 (1)
 659:Drivers/STM32G0xx_HAL_Driver/Inc/stm32g0xx_ll_bus.h ****   *         @arg @ref LL_APB1_GRP1_PERIPH_LPUART2 (1)
 660:Drivers/STM32G0xx_HAL_Driver/Inc/stm32g0xx_ll_bus.h ****   *         @arg @ref LL_APB1_GRP1_PERIPH_I2C1
 661:Drivers/STM32G0xx_HAL_Driver/Inc/stm32g0xx_ll_bus.h ****   *         @arg @ref LL_APB1_GRP1_PERIPH_I2C2
 662:Drivers/STM32G0xx_HAL_Driver/Inc/stm32g0xx_ll_bus.h ****   *         @arg @ref LL_APB1_GRP1_PERIPH_I2C3    (1)
 663:Drivers/STM32G0xx_HAL_Driver/Inc/stm32g0xx_ll_bus.h ****   *         @arg @ref LL_APB1_GRP1_PERIPH_CEC     (1)
 664:Drivers/STM32G0xx_HAL_Driver/Inc/stm32g0xx_ll_bus.h ****   *         @arg @ref LL_APB1_GRP1_PERIPH_UCPD1   (1)
 665:Drivers/STM32G0xx_HAL_Driver/Inc/stm32g0xx_ll_bus.h ****   *         @arg @ref LL_APB1_GRP1_PERIPH_UCPD2   (1)
 666:Drivers/STM32G0xx_HAL_Driver/Inc/stm32g0xx_ll_bus.h ****   *         @arg @ref LL_APB1_GRP1_PERIPH_USB     (1)
 667:Drivers/STM32G0xx_HAL_Driver/Inc/stm32g0xx_ll_bus.h ****   *         @arg @ref LL_APB1_GRP1_PERIPH_FDCAN   (1)
 668:Drivers/STM32G0xx_HAL_Driver/Inc/stm32g0xx_ll_bus.h ****   *         @arg @ref LL_APB1_GRP1_PERIPH_DBGMCU
 669:Drivers/STM32G0xx_HAL_Driver/Inc/stm32g0xx_ll_bus.h ****   *         @arg @ref LL_APB1_GRP1_PERIPH_PWR
 670:Drivers/STM32G0xx_HAL_Driver/Inc/stm32g0xx_ll_bus.h ****   *         @arg @ref LL_APB1_GRP1_PERIPH_DAC1    (1)
 671:Drivers/STM32G0xx_HAL_Driver/Inc/stm32g0xx_ll_bus.h ****   *         @arg @ref LL_APB1_GRP1_PERIPH_LPTIM2  (1)
 672:Drivers/STM32G0xx_HAL_Driver/Inc/stm32g0xx_ll_bus.h ****   *         @arg @ref LL_APB1_GRP1_PERIPH_LPTIM1  (1)
 673:Drivers/STM32G0xx_HAL_Driver/Inc/stm32g0xx_ll_bus.h ****   * @note Peripheral marked with (1) are not available all devices
 674:Drivers/STM32G0xx_HAL_Driver/Inc/stm32g0xx_ll_bus.h ****   * @retval None
 675:Drivers/STM32G0xx_HAL_Driver/Inc/stm32g0xx_ll_bus.h ****   */
 676:Drivers/STM32G0xx_HAL_Driver/Inc/stm32g0xx_ll_bus.h **** __STATIC_INLINE void LL_APB1_GRP1_ForceReset(uint32_t Periphs)
  37              		.loc 2 676 22 view .LVU2
  38              	.LBB7:
 677:Drivers/STM32G0xx_HAL_Driver/Inc/stm32g0xx_ll_bus.h **** {
 678:Drivers/STM32G0xx_HAL_Driver/Inc/stm32g0xx_ll_bus.h ****   SET_BIT(RCC->APBRSTR1, Periphs);
  39              		.loc 2 678 3 view .LVU3
  40 0000 054B     		ldr	r3, .L2
  41 0002 D96A     		ldr	r1, [r3, #44]
  42 0004 8022     		movs	r2, #128
  43 0006 5202     		lsls	r2, r2, #9
  44 0008 0A43     		orrs	r2, r1
  45 000a DA62     		str	r2, [r3, #44]
  46              	.LVL1:
  47              		.loc 2 678 3 is_stmt 0 view .LVU4
  48              	.LBE7:
  49              	.LBE6:
  59:Drivers/STM32G0xx_HAL_Driver/Src/stm32g0xx_ll_crs.c ****   LL_APB1_GRP1_ReleaseReset(LL_APB1_GRP1_PERIPH_CRS);
  50              		.loc 1 59 3 is_stmt 1 view .LVU5
  51              	.LBB8:
  52              	.LBI8:
 679:Drivers/STM32G0xx_HAL_Driver/Inc/stm32g0xx_ll_bus.h **** }
 680:Drivers/STM32G0xx_HAL_Driver/Inc/stm32g0xx_ll_bus.h **** 
 681:Drivers/STM32G0xx_HAL_Driver/Inc/stm32g0xx_ll_bus.h **** /**
 682:Drivers/STM32G0xx_HAL_Driver/Inc/stm32g0xx_ll_bus.h ****   * @brief  Release APB1 peripherals reset.
 683:Drivers/STM32G0xx_HAL_Driver/Inc/stm32g0xx_ll_bus.h ****   * @rmtoll APBRSTR1     TIM2RST       LL_APB1_GRP1_ReleaseReset\n
 684:Drivers/STM32G0xx_HAL_Driver/Inc/stm32g0xx_ll_bus.h ****   *         APBRSTR1     TIM4RST       LL_APB1_GRP1_ReleaseReset\n
 685:Drivers/STM32G0xx_HAL_Driver/Inc/stm32g0xx_ll_bus.h ****   *         APBRSTR1     TIM6RST       LL_APB1_GRP1_ReleaseReset\n
 686:Drivers/STM32G0xx_HAL_Driver/Inc/stm32g0xx_ll_bus.h ****   *         APBRSTR1     TIM7RST       LL_APB1_GRP1_ReleaseReset\n
 687:Drivers/STM32G0xx_HAL_Driver/Inc/stm32g0xx_ll_bus.h ****   *         APBRSTR1     RTCRST        LL_APB1_GRP1_ReleaseReset\n
 688:Drivers/STM32G0xx_HAL_Driver/Inc/stm32g0xx_ll_bus.h ****   *         APBRSTR1     SPI2RST       LL_APB1_GRP1_ReleaseReset\n
ARM GAS  /tmp/ccB60Qex.s 			page 15


 689:Drivers/STM32G0xx_HAL_Driver/Inc/stm32g0xx_ll_bus.h ****   *         APBRSTR1     SPI3RST       LL_APB1_GRP1_ReleaseReset\n
 690:Drivers/STM32G0xx_HAL_Driver/Inc/stm32g0xx_ll_bus.h ****   *         APBRSTR1     USART2RST     LL_APB1_GRP1_ReleaseReset\n
 691:Drivers/STM32G0xx_HAL_Driver/Inc/stm32g0xx_ll_bus.h ****   *         APBRSTR1     USART3RST     LL_APB1_GRP1_ReleaseReset\n
 692:Drivers/STM32G0xx_HAL_Driver/Inc/stm32g0xx_ll_bus.h ****   *         APBRSTR1     USART4RST     LL_APB1_GRP1_ReleaseReset\n
 693:Drivers/STM32G0xx_HAL_Driver/Inc/stm32g0xx_ll_bus.h ****   *         APBRSTR1     USART5RST     LL_APB1_GRP1_ReleaseReset\n
 694:Drivers/STM32G0xx_HAL_Driver/Inc/stm32g0xx_ll_bus.h ****   *         APBRSTR1     USART6RST     LL_APB1_GRP1_ReleaseReset\n
 695:Drivers/STM32G0xx_HAL_Driver/Inc/stm32g0xx_ll_bus.h ****   *         APBRSTR1     LPUART1RST    LL_APB1_GRP1_ReleaseReset\n
 696:Drivers/STM32G0xx_HAL_Driver/Inc/stm32g0xx_ll_bus.h ****   *         APBRSTR1     LPUART2RST    LL_APB1_GRP1_ReleaseReset\n
 697:Drivers/STM32G0xx_HAL_Driver/Inc/stm32g0xx_ll_bus.h ****   *         APBRSTR1     I2C1RST       LL_APB1_GRP1_ReleaseReset\n
 698:Drivers/STM32G0xx_HAL_Driver/Inc/stm32g0xx_ll_bus.h ****   *         APBRSTR1     I2C2RST       LL_APB1_GRP1_ReleaseReset\n
 699:Drivers/STM32G0xx_HAL_Driver/Inc/stm32g0xx_ll_bus.h ****   *         APBRSTR1     I2C3RST       LL_APB1_GRP1_ReleaseReset\n
 700:Drivers/STM32G0xx_HAL_Driver/Inc/stm32g0xx_ll_bus.h ****   *         APBRSTR1     CECRST        LL_APB1_GRP1_ReleaseReset\n
 701:Drivers/STM32G0xx_HAL_Driver/Inc/stm32g0xx_ll_bus.h ****   *         APBRSTR1     UCPD1RST      LL_APB1_GRP1_ReleaseReset\n
 702:Drivers/STM32G0xx_HAL_Driver/Inc/stm32g0xx_ll_bus.h ****   *         APBRSTR1     UCPD2RST      LL_APB1_GRP1_ReleaseReset\n
 703:Drivers/STM32G0xx_HAL_Driver/Inc/stm32g0xx_ll_bus.h ****   *         APBRSTR1     USBRST        LL_APB1_GRP1_ReleaseReset\n
 704:Drivers/STM32G0xx_HAL_Driver/Inc/stm32g0xx_ll_bus.h ****   *         APBRSTR1     FDCANRST      LL_APB1_GRP1_ReleaseReset\n
 705:Drivers/STM32G0xx_HAL_Driver/Inc/stm32g0xx_ll_bus.h ****   *         APBRSTR1     DBGRST        LL_APB1_GRP1_ReleaseReset\n
 706:Drivers/STM32G0xx_HAL_Driver/Inc/stm32g0xx_ll_bus.h ****   *         APBRSTR1     PWRRST        LL_APB1_GRP1_ReleaseReset\n
 707:Drivers/STM32G0xx_HAL_Driver/Inc/stm32g0xx_ll_bus.h ****   *         APBRSTR1     DAC1RST       LL_APB1_GRP1_ReleaseReset\n
 708:Drivers/STM32G0xx_HAL_Driver/Inc/stm32g0xx_ll_bus.h ****   *         APBRSTR1     LPTIM2RST     LL_APB1_GRP1_ReleaseReset\n
 709:Drivers/STM32G0xx_HAL_Driver/Inc/stm32g0xx_ll_bus.h ****   *         APBRSTR1     LPTIM1RST     LL_APB1_GRP1_ReleaseReset
 710:Drivers/STM32G0xx_HAL_Driver/Inc/stm32g0xx_ll_bus.h ****   * @param  Periphs This parameter can be a combination of the following values:
 711:Drivers/STM32G0xx_HAL_Driver/Inc/stm32g0xx_ll_bus.h ****   *         @arg @ref LL_APB1_GRP1_PERIPH_TIM2    (1)
 712:Drivers/STM32G0xx_HAL_Driver/Inc/stm32g0xx_ll_bus.h ****   *         @arg @ref LL_APB1_GRP1_PERIPH_TIM3
 713:Drivers/STM32G0xx_HAL_Driver/Inc/stm32g0xx_ll_bus.h ****   *         @arg @ref LL_APB1_GRP1_PERIPH_TIM4    (1)
 714:Drivers/STM32G0xx_HAL_Driver/Inc/stm32g0xx_ll_bus.h ****   *         @arg @ref LL_APB1_GRP1_PERIPH_TIM6    (1)
 715:Drivers/STM32G0xx_HAL_Driver/Inc/stm32g0xx_ll_bus.h ****   *         @arg @ref LL_APB1_GRP1_PERIPH_TIM7    (1)
 716:Drivers/STM32G0xx_HAL_Driver/Inc/stm32g0xx_ll_bus.h ****   *         @arg @ref LL_APB1_GRP1_PERIPH_RTC
 717:Drivers/STM32G0xx_HAL_Driver/Inc/stm32g0xx_ll_bus.h ****   *         @arg @ref LL_APB1_GRP1_PERIPH_SPI2
 718:Drivers/STM32G0xx_HAL_Driver/Inc/stm32g0xx_ll_bus.h ****   *         @arg @ref LL_APB1_GRP1_PERIPH_SPI3    (1)
 719:Drivers/STM32G0xx_HAL_Driver/Inc/stm32g0xx_ll_bus.h ****   *         @arg @ref LL_APB1_GRP1_PERIPH_USART2
 720:Drivers/STM32G0xx_HAL_Driver/Inc/stm32g0xx_ll_bus.h ****   *         @arg @ref LL_APB1_GRP1_PERIPH_USART3  (1)
 721:Drivers/STM32G0xx_HAL_Driver/Inc/stm32g0xx_ll_bus.h ****   *         @arg @ref LL_APB1_GRP1_PERIPH_USART4  (1)
 722:Drivers/STM32G0xx_HAL_Driver/Inc/stm32g0xx_ll_bus.h ****   *         @arg @ref LL_APB1_GRP1_PERIPH_USART5  (1)
 723:Drivers/STM32G0xx_HAL_Driver/Inc/stm32g0xx_ll_bus.h ****   *         @arg @ref LL_APB1_GRP1_PERIPH_USART6  (1)
 724:Drivers/STM32G0xx_HAL_Driver/Inc/stm32g0xx_ll_bus.h ****   *         @arg @ref LL_APB1_GRP1_PERIPH_LPUART1 (1)
 725:Drivers/STM32G0xx_HAL_Driver/Inc/stm32g0xx_ll_bus.h ****   *         @arg @ref LL_APB1_GRP1_PERIPH_LPUART2 (1)
 726:Drivers/STM32G0xx_HAL_Driver/Inc/stm32g0xx_ll_bus.h ****   *         @arg @ref LL_APB1_GRP1_PERIPH_I2C1
 727:Drivers/STM32G0xx_HAL_Driver/Inc/stm32g0xx_ll_bus.h ****   *         @arg @ref LL_APB1_GRP1_PERIPH_I2C2
 728:Drivers/STM32G0xx_HAL_Driver/Inc/stm32g0xx_ll_bus.h ****   *         @arg @ref LL_APB1_GRP1_PERIPH_I2C3    (1)
 729:Drivers/STM32G0xx_HAL_Driver/Inc/stm32g0xx_ll_bus.h ****   *         @arg @ref LL_APB1_GRP1_PERIPH_CEC     (1)
 730:Drivers/STM32G0xx_HAL_Driver/Inc/stm32g0xx_ll_bus.h ****   *         @arg @ref LL_APB1_GRP1_PERIPH_UCPD1   (1)
 731:Drivers/STM32G0xx_HAL_Driver/Inc/stm32g0xx_ll_bus.h ****   *         @arg @ref LL_APB1_GRP1_PERIPH_UCPD2   (1)
 732:Drivers/STM32G0xx_HAL_Driver/Inc/stm32g0xx_ll_bus.h ****   *         @arg @ref LL_APB1_GRP1_PERIPH_USB     (1)
 733:Drivers/STM32G0xx_HAL_Driver/Inc/stm32g0xx_ll_bus.h ****   *         @arg @ref LL_APB1_GRP1_PERIPH_FDCAN   (1)
 734:Drivers/STM32G0xx_HAL_Driver/Inc/stm32g0xx_ll_bus.h ****   *         @arg @ref LL_APB1_GRP1_PERIPH_DBGMCU
 735:Drivers/STM32G0xx_HAL_Driver/Inc/stm32g0xx_ll_bus.h ****   *         @arg @ref LL_APB1_GRP1_PERIPH_PWR
 736:Drivers/STM32G0xx_HAL_Driver/Inc/stm32g0xx_ll_bus.h ****   *         @arg @ref LL_APB1_GRP1_PERIPH_DAC1    (1)
 737:Drivers/STM32G0xx_HAL_Driver/Inc/stm32g0xx_ll_bus.h ****   *         @arg @ref LL_APB1_GRP1_PERIPH_LPTIM2  (1)
 738:Drivers/STM32G0xx_HAL_Driver/Inc/stm32g0xx_ll_bus.h ****   *         @arg @ref LL_APB1_GRP1_PERIPH_LPTIM1  (1)
 739:Drivers/STM32G0xx_HAL_Driver/Inc/stm32g0xx_ll_bus.h ****   * @note Peripheral marked with (1) are not available all devices
 740:Drivers/STM32G0xx_HAL_Driver/Inc/stm32g0xx_ll_bus.h ****   * @retval None
 741:Drivers/STM32G0xx_HAL_Driver/Inc/stm32g0xx_ll_bus.h ****   */
 742:Drivers/STM32G0xx_HAL_Driver/Inc/stm32g0xx_ll_bus.h **** __STATIC_INLINE void LL_APB1_GRP1_ReleaseReset(uint32_t Periphs)
  53              		.loc 2 742 22 view .LVU6
  54              	.LBB9:
 743:Drivers/STM32G0xx_HAL_Driver/Inc/stm32g0xx_ll_bus.h **** {
ARM GAS  /tmp/ccB60Qex.s 			page 16


 744:Drivers/STM32G0xx_HAL_Driver/Inc/stm32g0xx_ll_bus.h ****   CLEAR_BIT(RCC->APBRSTR1, Periphs);
  55              		.loc 2 744 3 view .LVU7
  56 000c DA6A     		ldr	r2, [r3, #44]
  57 000e 0349     		ldr	r1, .L2+4
  58 0010 0A40     		ands	r2, r1
  59 0012 DA62     		str	r2, [r3, #44]
  60              	.LVL2:
  61              		.loc 2 744 3 is_stmt 0 view .LVU8
  62              	.LBE9:
  63              	.LBE8:
  60:Drivers/STM32G0xx_HAL_Driver/Src/stm32g0xx_ll_crs.c **** 
  61:Drivers/STM32G0xx_HAL_Driver/Src/stm32g0xx_ll_crs.c ****   return  SUCCESS;
  64              		.loc 1 61 3 is_stmt 1 view .LVU9
  62:Drivers/STM32G0xx_HAL_Driver/Src/stm32g0xx_ll_crs.c **** }
  65              		.loc 1 62 1 is_stmt 0 view .LVU10
  66 0014 0020     		movs	r0, #0
  67              		@ sp needed
  68 0016 7047     		bx	lr
  69              	.L3:
  70              		.align	2
  71              	.L2:
  72 0018 00100240 		.word	1073876992
  73 001c FFFFFEFF 		.word	-65537
  74              		.cfi_endproc
  75              	.LFE122:
  77              		.text
  78              	.Letext0:
  79              		.file 3 "/usr/arm-none-eabi/include/machine/_default_types.h"
  80              		.file 4 "/usr/arm-none-eabi/include/sys/_stdint.h"
  81              		.file 5 "Drivers/CMSIS/Device/ST/STM32G0xx/Include/stm32g0b1xx.h"
  82              		.file 6 "Drivers/CMSIS/Device/ST/STM32G0xx/Include/stm32g0xx.h"
ARM GAS  /tmp/ccB60Qex.s 			page 17


DEFINED SYMBOLS
                            *ABS*:00000000 stm32g0xx_ll_crs.c
     /tmp/ccB60Qex.s:19     .text.LL_CRS_DeInit:00000000 $t
     /tmp/ccB60Qex.s:25     .text.LL_CRS_DeInit:00000000 LL_CRS_DeInit
     /tmp/ccB60Qex.s:72     .text.LL_CRS_DeInit:00000018 $d

NO UNDEFINED SYMBOLS
